[2024-12-16 13:54:08,180][/root/codes/MolFeSCue-master-2/fsadmet/utils/std_logger.py][INFO] - 模型加载成功！......

[2024-12-16 13:54:08,180][/root/codes/MolFeSCue-master-2/fsadmet/utils/std_logger.py][INFO] - MetaGraphModel(
  (base_model): GraphADT(
    (fc): Sequential(
      (0): Linear(in_features=200, out_features=512, bias=True)
      (1): BatchNorm1d(512, eps=1e-05, momentum=0.1, affine=True, track_running_stats=True)
      (2): ReLU()
      (3): Linear(in_features=512, out_features=256, bias=True)
    )
    (linear): Sequential(
      (0): Linear(in_features=200, out_features=512, bias=True)
      (1): BatchNorm1d(512, eps=1e-05, momentum=0.1, affine=True, track_running_stats=True)
      (2): Linear(in_features=512, out_features=256, bias=True)
    )
    (fc_g): Sequential(
      (0): GINWithKAN(
        (gin_conv): GINConv(nn=Sequential(
          (0): Linear(in_features=256, out_features=256, bias=True)
        ))
        (kan_layer): KANLinear(
          (base_activation): Identity()
        )
      )
    )
    (fc_g1): Sequential(
      (0): GINWithKAN(
        (gin_conv): GINConv(nn=Sequential(
          (0): Linear(in_features=256, out_features=256, bias=True)
        ))
        (kan_layer): KANLinear(
          (base_activation): Identity()
        )
      )
    )
    (fc_final): Sequential(
      (0): GINWithKAN(
        (gin_conv): GINConv(nn=Sequential(
          (0): Linear(in_features=256, out_features=1, bias=True)
        ))
        (kan_layer): KANLinear(
          (base_activation): Identity()
        )
      )
    )
    (fc_final1): Sequential(
      (0): GINWithKAN(
        (gin_conv): GINConv(nn=Sequential(
          (0): Linear(in_features=256, out_features=1, bias=True)
        ))
        (kan_layer): KANLinear(
          (base_activation): Identity()
        )
      )
    )
    (relu): ReLU()
    (activation): Sigmoid()
    (softmax): Softmax(dim=1)
    (fc3): Sequential(
      (0): Linear(in_features=1, out_features=1, bias=True)
      (1): Sigmoid()
    )
    (pool1): MVPool(
      (sparse_attention): Sparsemax()
      (calc_pagerank_score): PageRankScore(128)
      (select_topk): SelectTopK(128, ratio=0.8)
    )
    (pool2): MVPool(
      (sparse_attention): Sparsemax()
      (calc_pagerank_score): PageRankScore(128)
      (select_topk): SelectTopK(128, ratio=0.8)
    )
    (pool3): MVPool(
      (sparse_attention): Sparsemax()
      (calc_pagerank_score): PageRankScore(128)
      (select_topk): SelectTopK(128, ratio=0.8)
    )
    (pool4): MVPool(
      (sparse_attention): Sparsemax()
      (calc_pagerank_score): PageRankScore(128)
      (select_topk): SelectTopK(128, ratio=0.8)
    )
    (pool5): MVPool(
      (sparse_attention): Sparsemax()
      (calc_pagerank_score): PageRankScore(128)
      (select_topk): SelectTopK(128, ratio=0.8)
    )
    (pool6): MVPool(
      (sparse_attention): Sparsemax()
      (calc_pagerank_score): PageRankScore(128)
      (select_topk): SelectTopK(128, ratio=0.8)
    )
    (pool7): MVPool(
      (sparse_attention): Sparsemax()
      (calc_pagerank_score): PageRankScore(128)
      (select_topk): SelectTopK(128, ratio=0.8)
    )
    (pool8): MVPool(
      (sparse_attention): Sparsemax()
      (calc_pagerank_score): PageRankScore(128)
      (select_topk): SelectTopK(128, ratio=0.8)
    )
    (dim_transform0): Linear(in_features=93, out_features=128, bias=True)
    (dim_transform1): Linear(in_features=43, out_features=128, bias=True)
    (conv1): GINWithKAN(
      (gin_conv): GINConv(nn=Sequential(
        (0): Linear(in_features=128, out_features=128, bias=True)
      ))
      (kan_layer): KANLinear(
        (base_activation): Identity()
      )
    )
    (conv2): GINWithKAN(
      (gin_conv): GINConv(nn=Sequential(
        (0): Linear(in_features=128, out_features=128, bias=True)
      ))
      (kan_layer): KANLinear(
        (base_activation): Identity()
      )
    )
    (conv3): GINWithKAN(
      (gin_conv): GINConv(nn=Sequential(
        (0): Linear(in_features=128, out_features=128, bias=True)
      ))
      (kan_layer): KANLinear(
        (base_activation): Identity()
      )
    )
    (conv4): GINWithKAN(
      (gin_conv): GINConv(nn=Sequential(
        (0): Linear(in_features=128, out_features=128, bias=True)
      ))
      (kan_layer): KANLinear(
        (base_activation): Identity()
      )
    )
    (conv5): GINWithKAN(
      (gin_conv): GINConv(nn=Sequential(
        (0): Linear(in_features=128, out_features=128, bias=True)
      ))
      (kan_layer): KANLinear(
        (base_activation): Identity()
      )
    )
    (conv6): GINWithKAN(
      (gin_conv): GINConv(nn=Sequential(
        (0): Linear(in_features=128, out_features=128, bias=True)
      ))
      (kan_layer): KANLinear(
        (base_activation): Identity()
      )
    )
    (conv7): GINWithKAN(
      (gin_conv): GINConv(nn=Sequential(
        (0): Linear(in_features=128, out_features=128, bias=True)
      ))
      (kan_layer): KANLinear(
        (base_activation): Identity()
      )
    )
    (conv8): GINWithKAN(
      (gin_conv): GINConv(nn=Sequential(
        (0): Linear(in_features=128, out_features=128, bias=True)
      ))
      (kan_layer): KANLinear(
        (base_activation): Identity()
      )
    )
  )
)
[2024-12-16 13:56:35,236][/root/codes/MolFeSCue-master-2/fsadmet/utils/std_logger.py][INFO] - downstream task aucs: [0.5011, 0.4598, 0.5051]
[2024-12-16 13:56:35,238][/root/codes/MolFeSCue-master-2/fsadmet/utils/std_logger.py][INFO] - mean downstream task mean auc、f1、pr_auc: 0.4887,0.0,0.0876
[2024-12-16 13:58:25,073][/root/codes/MolFeSCue-master-2/fsadmet/utils/std_logger.py][INFO] - downstream task aucs: [0.5533, 0.5916, 0.6302]
[2024-12-16 13:58:25,075][/root/codes/MolFeSCue-master-2/fsadmet/utils/std_logger.py][INFO] - mean downstream task mean auc、f1、pr_auc: 0.5917,0.0,0.1336
[2024-12-16 14:00:16,932][/root/codes/MolFeSCue-master-2/fsadmet/utils/std_logger.py][INFO] - downstream task aucs: [0.5394, 0.5605, 0.6029]
[2024-12-16 14:00:16,933][/root/codes/MolFeSCue-master-2/fsadmet/utils/std_logger.py][INFO] - mean downstream task mean auc、f1、pr_auc: 0.5676,0.0,0.1222
[2024-12-16 14:02:08,166][/root/codes/MolFeSCue-master-2/fsadmet/utils/std_logger.py][INFO] - downstream task aucs: [0.5609, 0.64, 0.6466]
[2024-12-16 14:02:08,170][/root/codes/MolFeSCue-master-2/fsadmet/utils/std_logger.py][INFO] - mean downstream task mean auc、f1、pr_auc: 0.6158,0.0,0.1463
[2024-12-16 14:04:00,225][/root/codes/MolFeSCue-master-2/fsadmet/utils/std_logger.py][INFO] - downstream task aucs: [0.578, 0.6814, 0.6704]
[2024-12-16 14:04:00,226][/root/codes/MolFeSCue-master-2/fsadmet/utils/std_logger.py][INFO] - mean downstream task mean auc、f1、pr_auc: 0.6432,0.0,0.1573
[2024-12-16 14:05:52,442][/root/codes/MolFeSCue-master-2/fsadmet/utils/std_logger.py][INFO] - downstream task aucs: [0.5778, 0.7023, 0.6714]
[2024-12-16 14:05:52,443][/root/codes/MolFeSCue-master-2/fsadmet/utils/std_logger.py][INFO] - mean downstream task mean auc、f1、pr_auc: 0.6505,0.0273,0.1638
[2024-12-16 14:07:44,372][/root/codes/MolFeSCue-master-2/fsadmet/utils/std_logger.py][INFO] - downstream task aucs: [0.5953, 0.7132, 0.6866]
[2024-12-16 14:07:44,374][/root/codes/MolFeSCue-master-2/fsadmet/utils/std_logger.py][INFO] - mean downstream task mean auc、f1、pr_auc: 0.665,0.0617,0.1736
[2024-12-16 14:09:36,945][/root/codes/MolFeSCue-master-2/fsadmet/utils/std_logger.py][INFO] - downstream task aucs: [0.6044, 0.7156, 0.6841]
[2024-12-16 14:09:36,946][/root/codes/MolFeSCue-master-2/fsadmet/utils/std_logger.py][INFO] - mean downstream task mean auc、f1、pr_auc: 0.668,0.0583,0.1765
[2024-12-16 14:11:27,070][/root/codes/MolFeSCue-master-2/fsadmet/utils/std_logger.py][INFO] - downstream task aucs: [0.5926, 0.682, 0.6765]
[2024-12-16 14:11:27,072][/root/codes/MolFeSCue-master-2/fsadmet/utils/std_logger.py][INFO] - mean downstream task mean auc、f1、pr_auc: 0.6504,0.0,0.1413
[2024-12-16 14:13:17,905][/root/codes/MolFeSCue-master-2/fsadmet/utils/std_logger.py][INFO] - downstream task aucs: [0.6045, 0.7087, 0.7139]
[2024-12-16 14:13:17,909][/root/codes/MolFeSCue-master-2/fsadmet/utils/std_logger.py][INFO] - mean downstream task mean auc、f1、pr_auc: 0.6757,0.04,0.1861
[2024-12-16 14:15:09,439][/root/codes/MolFeSCue-master-2/fsadmet/utils/std_logger.py][INFO] - downstream task aucs: [0.6085, 0.7196, 0.6955]
[2024-12-16 14:15:09,444][/root/codes/MolFeSCue-master-2/fsadmet/utils/std_logger.py][INFO] - mean downstream task mean auc、f1、pr_auc: 0.6746,0.0707,0.1862
[2024-12-16 14:17:01,622][/root/codes/MolFeSCue-master-2/fsadmet/utils/std_logger.py][INFO] - downstream task aucs: [0.6216, 0.7342, 0.7227]
[2024-12-16 14:17:01,626][/root/codes/MolFeSCue-master-2/fsadmet/utils/std_logger.py][INFO] - mean downstream task mean auc、f1、pr_auc: 0.6928,0.0032,0.175
[2024-12-16 14:18:55,355][/root/codes/MolFeSCue-master-2/fsadmet/utils/std_logger.py][INFO] - downstream task aucs: [0.6232, 0.74, 0.696]
[2024-12-16 14:18:55,359][/root/codes/MolFeSCue-master-2/fsadmet/utils/std_logger.py][INFO] - mean downstream task mean auc、f1、pr_auc: 0.6864,0.049,0.1953
[2024-12-16 14:20:47,307][/root/codes/MolFeSCue-master-2/fsadmet/utils/std_logger.py][INFO] - downstream task aucs: [0.6374, 0.7322, 0.698]
[2024-12-16 14:20:47,308][/root/codes/MolFeSCue-master-2/fsadmet/utils/std_logger.py][INFO] - mean downstream task mean auc、f1、pr_auc: 0.6892,0.0124,0.1616
[2024-12-16 14:22:39,749][/root/codes/MolFeSCue-master-2/fsadmet/utils/std_logger.py][INFO] - downstream task aucs: [0.6309, 0.7157, 0.6915]
[2024-12-16 14:22:39,750][/root/codes/MolFeSCue-master-2/fsadmet/utils/std_logger.py][INFO] - mean downstream task mean auc、f1、pr_auc: 0.6794,0.0372,0.1959
[2024-12-16 14:24:35,131][/root/codes/MolFeSCue-master-2/fsadmet/utils/std_logger.py][INFO] - downstream task aucs: [0.6518, 0.7592, 0.7231]
[2024-12-16 14:24:35,136][/root/codes/MolFeSCue-master-2/fsadmet/utils/std_logger.py][INFO] - mean downstream task mean auc、f1、pr_auc: 0.7114,0.0048,0.193
[2024-12-16 14:26:30,662][/root/codes/MolFeSCue-master-2/fsadmet/utils/std_logger.py][INFO] - downstream task aucs: [0.6593, 0.7439, 0.7136]
[2024-12-16 14:26:30,667][/root/codes/MolFeSCue-master-2/fsadmet/utils/std_logger.py][INFO] - mean downstream task mean auc、f1、pr_auc: 0.7056,0.0682,0.2097
[2024-12-16 14:28:26,657][/root/codes/MolFeSCue-master-2/fsadmet/utils/std_logger.py][INFO] - downstream task aucs: [0.6493, 0.748, 0.7089]
[2024-12-16 14:28:26,658][/root/codes/MolFeSCue-master-2/fsadmet/utils/std_logger.py][INFO] - mean downstream task mean auc、f1、pr_auc: 0.7021,0.0575,0.2194
[2024-12-16 14:30:22,856][/root/codes/MolFeSCue-master-2/fsadmet/utils/std_logger.py][INFO] - downstream task aucs: [0.6657, 0.7486, 0.7403]
[2024-12-16 14:30:22,860][/root/codes/MolFeSCue-master-2/fsadmet/utils/std_logger.py][INFO] - mean downstream task mean auc、f1、pr_auc: 0.7182,0.0154,0.2209
[2024-12-16 14:32:19,483][/root/codes/MolFeSCue-master-2/fsadmet/utils/std_logger.py][INFO] - downstream task aucs: [0.6626, 0.7603, 0.7294]
[2024-12-16 14:32:19,485][/root/codes/MolFeSCue-master-2/fsadmet/utils/std_logger.py][INFO] - mean downstream task mean auc、f1、pr_auc: 0.7174,0.0633,0.2314
[2024-12-16 14:34:14,910][/root/codes/MolFeSCue-master-2/fsadmet/utils/std_logger.py][INFO] - downstream task aucs: [0.677, 0.7189, 0.7258]
[2024-12-16 14:34:14,914][/root/codes/MolFeSCue-master-2/fsadmet/utils/std_logger.py][INFO] - mean downstream task mean auc、f1、pr_auc: 0.7072,0.0304,0.209
[2024-12-16 14:36:09,826][/root/codes/MolFeSCue-master-2/fsadmet/utils/std_logger.py][INFO] - downstream task aucs: [0.684, 0.7616, 0.7461]
[2024-12-16 14:36:09,828][/root/codes/MolFeSCue-master-2/fsadmet/utils/std_logger.py][INFO] - mean downstream task mean auc、f1、pr_auc: 0.7306,0.0703,0.2117
[2024-12-16 14:38:03,810][/root/codes/MolFeSCue-master-2/fsadmet/utils/std_logger.py][INFO] - downstream task aucs: [0.6825, 0.7711, 0.7468]
[2024-12-16 14:38:03,815][/root/codes/MolFeSCue-master-2/fsadmet/utils/std_logger.py][INFO] - mean downstream task mean auc、f1、pr_auc: 0.7334,0.0739,0.2318
[2024-12-16 14:39:57,918][/root/codes/MolFeSCue-master-2/fsadmet/utils/std_logger.py][INFO] - downstream task aucs: [0.6761, 0.7678, 0.7483]
[2024-12-16 14:39:57,929][/root/codes/MolFeSCue-master-2/fsadmet/utils/std_logger.py][INFO] - mean downstream task mean auc、f1、pr_auc: 0.7307,0.1135,0.2439
[2024-12-16 14:42:12,619][/root/codes/MolFeSCue-master-2/fsadmet/utils/std_logger.py][INFO] - downstream task aucs: [0.687, 0.7855, 0.7454]
[2024-12-16 14:42:12,624][/root/codes/MolFeSCue-master-2/fsadmet/utils/std_logger.py][INFO] - mean downstream task mean auc、f1、pr_auc: 0.7393,0.1231,0.2095
[2024-12-16 14:44:06,765][/root/codes/MolFeSCue-master-2/fsadmet/utils/std_logger.py][INFO] - downstream task aucs: [0.7094, 0.783, 0.7526]
[2024-12-16 14:44:06,769][/root/codes/MolFeSCue-master-2/fsadmet/utils/std_logger.py][INFO] - mean downstream task mean auc、f1、pr_auc: 0.7484,0.1572,0.2527
[2024-12-16 14:46:00,568][/root/codes/MolFeSCue-master-2/fsadmet/utils/std_logger.py][INFO] - downstream task aucs: [0.6904, 0.791, 0.7346]
[2024-12-16 14:46:00,570][/root/codes/MolFeSCue-master-2/fsadmet/utils/std_logger.py][INFO] - mean downstream task mean auc、f1、pr_auc: 0.7387,0.1635,0.2285
[2024-12-16 14:47:53,740][/root/codes/MolFeSCue-master-2/fsadmet/utils/std_logger.py][INFO] - downstream task aucs: [0.7282, 0.7885, 0.7446]
[2024-12-16 14:47:53,744][/root/codes/MolFeSCue-master-2/fsadmet/utils/std_logger.py][INFO] - mean downstream task mean auc、f1、pr_auc: 0.7538,0.0693,0.2406
[2024-12-16 14:49:45,766][/root/codes/MolFeSCue-master-2/fsadmet/utils/std_logger.py][INFO] - downstream task aucs: [0.6989, 0.8011, 0.7524]
[2024-12-16 14:49:45,771][/root/codes/MolFeSCue-master-2/fsadmet/utils/std_logger.py][INFO] - mean downstream task mean auc、f1、pr_auc: 0.7508,0.1394,0.269
[2024-12-16 14:51:41,103][/root/codes/MolFeSCue-master-2/fsadmet/utils/std_logger.py][INFO] - downstream task aucs: [0.7169, 0.8011, 0.7607]
[2024-12-16 14:51:41,104][/root/codes/MolFeSCue-master-2/fsadmet/utils/std_logger.py][INFO] - mean downstream task mean auc、f1、pr_auc: 0.7596,0.1664,0.2656
[2024-12-16 14:53:37,487][/root/codes/MolFeSCue-master-2/fsadmet/utils/std_logger.py][INFO] - downstream task aucs: [0.714, 0.8021, 0.7607]
[2024-12-16 14:53:37,489][/root/codes/MolFeSCue-master-2/fsadmet/utils/std_logger.py][INFO] - mean downstream task mean auc、f1、pr_auc: 0.7589,0.2177,0.2695
[2024-12-16 14:55:33,273][/root/codes/MolFeSCue-master-2/fsadmet/utils/std_logger.py][INFO] - downstream task aucs: [0.7197, 0.8085, 0.7635]
[2024-12-16 14:55:33,275][/root/codes/MolFeSCue-master-2/fsadmet/utils/std_logger.py][INFO] - mean downstream task mean auc、f1、pr_auc: 0.7639,0.2036,0.2319
[2024-12-16 14:57:29,253][/root/codes/MolFeSCue-master-2/fsadmet/utils/std_logger.py][INFO] - downstream task aucs: [0.7236, 0.7873, 0.7466]
[2024-12-16 14:57:29,258][/root/codes/MolFeSCue-master-2/fsadmet/utils/std_logger.py][INFO] - mean downstream task mean auc、f1、pr_auc: 0.7525,0.1981,0.2529
[2024-12-16 14:59:26,751][/root/codes/MolFeSCue-master-2/fsadmet/utils/std_logger.py][INFO] - downstream task aucs: [0.7196, 0.7999, 0.7546]
[2024-12-16 14:59:26,755][/root/codes/MolFeSCue-master-2/fsadmet/utils/std_logger.py][INFO] - mean downstream task mean auc、f1、pr_auc: 0.758,0.1441,0.2682
[2024-12-16 15:01:21,734][/root/codes/MolFeSCue-master-2/fsadmet/utils/std_logger.py][INFO] - downstream task aucs: [0.7237, 0.8091, 0.7687]
[2024-12-16 15:01:21,739][/root/codes/MolFeSCue-master-2/fsadmet/utils/std_logger.py][INFO] - mean downstream task mean auc、f1、pr_auc: 0.7672,0.1949,0.2724
[2024-12-16 15:03:18,439][/root/codes/MolFeSCue-master-2/fsadmet/utils/std_logger.py][INFO] - downstream task aucs: [0.7507, 0.8049, 0.7611]
[2024-12-16 15:03:18,443][/root/codes/MolFeSCue-master-2/fsadmet/utils/std_logger.py][INFO] - mean downstream task mean auc、f1、pr_auc: 0.7722,0.1674,0.2916
[2024-12-16 15:05:14,324][/root/codes/MolFeSCue-master-2/fsadmet/utils/std_logger.py][INFO] - downstream task aucs: [0.7566, 0.7977, 0.7761]
[2024-12-16 15:05:14,329][/root/codes/MolFeSCue-master-2/fsadmet/utils/std_logger.py][INFO] - mean downstream task mean auc、f1、pr_auc: 0.7768,0.1748,0.2962
[2024-12-16 15:07:09,269][/root/codes/MolFeSCue-master-2/fsadmet/utils/std_logger.py][INFO] - downstream task aucs: [0.7334, 0.8054, 0.7671]
[2024-12-16 15:07:09,270][/root/codes/MolFeSCue-master-2/fsadmet/utils/std_logger.py][INFO] - mean downstream task mean auc、f1、pr_auc: 0.7687,0.2362,0.2958
[2024-12-16 15:09:04,100][/root/codes/MolFeSCue-master-2/fsadmet/utils/std_logger.py][INFO] - downstream task aucs: [0.7406, 0.8137, 0.7714]
[2024-12-16 15:09:04,102][/root/codes/MolFeSCue-master-2/fsadmet/utils/std_logger.py][INFO] - mean downstream task mean auc、f1、pr_auc: 0.7752,0.1491,0.2807
[2024-12-16 15:10:59,668][/root/codes/MolFeSCue-master-2/fsadmet/utils/std_logger.py][INFO] - downstream task aucs: [0.7517, 0.8134, 0.7819]
[2024-12-16 15:10:59,670][/root/codes/MolFeSCue-master-2/fsadmet/utils/std_logger.py][INFO] - mean downstream task mean auc、f1、pr_auc: 0.7823,0.2204,0.2827
[2024-12-16 15:12:54,632][/root/codes/MolFeSCue-master-2/fsadmet/utils/std_logger.py][INFO] - downstream task aucs: [0.7545, 0.8102, 0.7749]
[2024-12-16 15:12:54,637][/root/codes/MolFeSCue-master-2/fsadmet/utils/std_logger.py][INFO] - mean downstream task mean auc、f1、pr_auc: 0.7799,0.221,0.2992
[2024-12-16 15:14:48,206][/root/codes/MolFeSCue-master-2/fsadmet/utils/std_logger.py][INFO] - downstream task aucs: [0.7513, 0.8137, 0.7837]
[2024-12-16 15:14:48,211][/root/codes/MolFeSCue-master-2/fsadmet/utils/std_logger.py][INFO] - mean downstream task mean auc、f1、pr_auc: 0.7829,0.1993,0.2842
[2024-12-16 15:16:44,018][/root/codes/MolFeSCue-master-2/fsadmet/utils/std_logger.py][INFO] - downstream task aucs: [0.7506, 0.8334, 0.7829]
[2024-12-16 15:16:44,019][/root/codes/MolFeSCue-master-2/fsadmet/utils/std_logger.py][INFO] - mean downstream task mean auc、f1、pr_auc: 0.7889,0.2215,0.3189
[2024-12-16 15:18:38,708][/root/codes/MolFeSCue-master-2/fsadmet/utils/std_logger.py][INFO] - downstream task aucs: [0.7409, 0.8277, 0.7895]
[2024-12-16 15:18:38,710][/root/codes/MolFeSCue-master-2/fsadmet/utils/std_logger.py][INFO] - mean downstream task mean auc、f1、pr_auc: 0.786,0.2376,0.2943
[2024-12-16 15:20:33,929][/root/codes/MolFeSCue-master-2/fsadmet/utils/std_logger.py][INFO] - downstream task aucs: [0.7557, 0.8367, 0.7831]
[2024-12-16 15:20:33,930][/root/codes/MolFeSCue-master-2/fsadmet/utils/std_logger.py][INFO] - mean downstream task mean auc、f1、pr_auc: 0.7918,0.1787,0.3107
[2024-12-16 15:22:30,508][/root/codes/MolFeSCue-master-2/fsadmet/utils/std_logger.py][INFO] - downstream task aucs: [0.7405, 0.8253, 0.7849]
[2024-12-16 15:22:30,513][/root/codes/MolFeSCue-master-2/fsadmet/utils/std_logger.py][INFO] - mean downstream task mean auc、f1、pr_auc: 0.7835,0.1893,0.3008
[2024-12-16 15:24:25,434][/root/codes/MolFeSCue-master-2/fsadmet/utils/std_logger.py][INFO] - downstream task aucs: [0.737, 0.8195, 0.7842]
[2024-12-16 15:24:25,436][/root/codes/MolFeSCue-master-2/fsadmet/utils/std_logger.py][INFO] - mean downstream task mean auc、f1、pr_auc: 0.7802,0.1671,0.287
[2024-12-16 15:26:19,520][/root/codes/MolFeSCue-master-2/fsadmet/utils/std_logger.py][INFO] - downstream task aucs: [0.753, 0.8276, 0.805]
[2024-12-16 15:26:19,521][/root/codes/MolFeSCue-master-2/fsadmet/utils/std_logger.py][INFO] - mean downstream task mean auc、f1、pr_auc: 0.7952,0.1678,0.3174
[2024-12-16 15:28:14,577][/root/codes/MolFeSCue-master-2/fsadmet/utils/std_logger.py][INFO] - downstream task aucs: [0.7577, 0.8395, 0.8024]
[2024-12-16 15:28:14,582][/root/codes/MolFeSCue-master-2/fsadmet/utils/std_logger.py][INFO] - mean downstream task mean auc、f1、pr_auc: 0.7998,0.245,0.329
[2024-12-16 15:30:11,665][/root/codes/MolFeSCue-master-2/fsadmet/utils/std_logger.py][INFO] - downstream task aucs: [0.766, 0.8385, 0.814]
[2024-12-16 15:30:11,666][/root/codes/MolFeSCue-master-2/fsadmet/utils/std_logger.py][INFO] - mean downstream task mean auc、f1、pr_auc: 0.8061,0.2164,0.3104
[2024-12-16 15:32:09,162][/root/codes/MolFeSCue-master-2/fsadmet/utils/std_logger.py][INFO] - downstream task aucs: [0.7572, 0.8369, 0.7934]
[2024-12-16 15:32:09,166][/root/codes/MolFeSCue-master-2/fsadmet/utils/std_logger.py][INFO] - mean downstream task mean auc、f1、pr_auc: 0.7958,0.2052,0.2913
[2024-12-16 15:34:03,197][/root/codes/MolFeSCue-master-2/fsadmet/utils/std_logger.py][INFO] - downstream task aucs: [0.7739, 0.8366, 0.7874]
[2024-12-16 15:34:03,199][/root/codes/MolFeSCue-master-2/fsadmet/utils/std_logger.py][INFO] - mean downstream task mean auc、f1、pr_auc: 0.7993,0.2243,0.3336
[2024-12-16 15:36:00,496][/root/codes/MolFeSCue-master-2/fsadmet/utils/std_logger.py][INFO] - downstream task aucs: [0.7708, 0.8419, 0.8058]
[2024-12-16 15:36:00,501][/root/codes/MolFeSCue-master-2/fsadmet/utils/std_logger.py][INFO] - mean downstream task mean auc、f1、pr_auc: 0.8061,0.1979,0.3277
[2024-12-16 15:37:59,351][/root/codes/MolFeSCue-master-2/fsadmet/utils/std_logger.py][INFO] - downstream task aucs: [0.7645, 0.848, 0.8174]
[2024-12-16 15:37:59,356][/root/codes/MolFeSCue-master-2/fsadmet/utils/std_logger.py][INFO] - mean downstream task mean auc、f1、pr_auc: 0.81,0.3113,0.3313
[2024-12-16 15:39:57,210][/root/codes/MolFeSCue-master-2/fsadmet/utils/std_logger.py][INFO] - downstream task aucs: [0.7685, 0.8329, 0.7959]
[2024-12-16 15:39:57,212][/root/codes/MolFeSCue-master-2/fsadmet/utils/std_logger.py][INFO] - mean downstream task mean auc、f1、pr_auc: 0.7991,0.2118,0.3089
[2024-12-16 15:41:54,817][/root/codes/MolFeSCue-master-2/fsadmet/utils/std_logger.py][INFO] - downstream task aucs: [0.766, 0.8481, 0.7989]
[2024-12-16 15:41:54,819][/root/codes/MolFeSCue-master-2/fsadmet/utils/std_logger.py][INFO] - mean downstream task mean auc、f1、pr_auc: 0.8044,0.2267,0.3302
[2024-12-16 15:44:10,476][/root/codes/MolFeSCue-master-2/fsadmet/utils/std_logger.py][INFO] - downstream task aucs: [0.7744, 0.8478, 0.8046]
[2024-12-16 15:44:10,481][/root/codes/MolFeSCue-master-2/fsadmet/utils/std_logger.py][INFO] - mean downstream task mean auc、f1、pr_auc: 0.8089,0.2924,0.3535
[2024-12-16 15:46:07,813][/root/codes/MolFeSCue-master-2/fsadmet/utils/std_logger.py][INFO] - downstream task aucs: [0.7463, 0.843, 0.7993]
[2024-12-16 15:46:07,814][/root/codes/MolFeSCue-master-2/fsadmet/utils/std_logger.py][INFO] - mean downstream task mean auc、f1、pr_auc: 0.7962,0.2816,0.3074
[2024-12-16 15:48:04,108][/root/codes/MolFeSCue-master-2/fsadmet/utils/std_logger.py][INFO] - downstream task aucs: [0.7656, 0.8447, 0.8228]
[2024-12-16 15:48:04,113][/root/codes/MolFeSCue-master-2/fsadmet/utils/std_logger.py][INFO] - mean downstream task mean auc、f1、pr_auc: 0.811,0.2384,0.3355
[2024-12-16 15:50:02,259][/root/codes/MolFeSCue-master-2/fsadmet/utils/std_logger.py][INFO] - downstream task aucs: [0.7592, 0.8228, 0.8089]
[2024-12-16 15:50:02,261][/root/codes/MolFeSCue-master-2/fsadmet/utils/std_logger.py][INFO] - mean downstream task mean auc、f1、pr_auc: 0.797,0.2489,0.3235
[2024-12-16 15:52:01,242][/root/codes/MolFeSCue-master-2/fsadmet/utils/std_logger.py][INFO] - downstream task aucs: [0.7729, 0.8533, 0.8224]
[2024-12-16 15:52:01,264][/root/codes/MolFeSCue-master-2/fsadmet/utils/std_logger.py][INFO] - mean downstream task mean auc、f1、pr_auc: 0.8162,0.2282,0.3528
[2024-12-16 15:53:58,869][/root/codes/MolFeSCue-master-2/fsadmet/utils/std_logger.py][INFO] - downstream task aucs: [0.7522, 0.8214, 0.7886]
[2024-12-16 15:53:58,871][/root/codes/MolFeSCue-master-2/fsadmet/utils/std_logger.py][INFO] - mean downstream task mean auc、f1、pr_auc: 0.7874,0.257,0.3133
[2024-12-16 15:55:54,602][/root/codes/MolFeSCue-master-2/fsadmet/utils/std_logger.py][INFO] - downstream task aucs: [0.7597, 0.8379, 0.7925]
[2024-12-16 15:55:54,604][/root/codes/MolFeSCue-master-2/fsadmet/utils/std_logger.py][INFO] - mean downstream task mean auc、f1、pr_auc: 0.7967,0.2282,0.3211
[2024-12-16 15:57:53,348][/root/codes/MolFeSCue-master-2/fsadmet/utils/std_logger.py][INFO] - downstream task aucs: [0.7778, 0.8352, 0.8]
[2024-12-16 15:57:53,349][/root/codes/MolFeSCue-master-2/fsadmet/utils/std_logger.py][INFO] - mean downstream task mean auc、f1、pr_auc: 0.8044,0.2593,0.3308
[2024-12-16 15:59:50,672][/root/codes/MolFeSCue-master-2/fsadmet/utils/std_logger.py][INFO] - downstream task aucs: [0.7836, 0.8459, 0.807]
[2024-12-16 15:59:50,674][/root/codes/MolFeSCue-master-2/fsadmet/utils/std_logger.py][INFO] - mean downstream task mean auc、f1、pr_auc: 0.8122,0.2909,0.3454
[2024-12-16 16:01:47,915][/root/codes/MolFeSCue-master-2/fsadmet/utils/std_logger.py][INFO] - downstream task aucs: [0.7666, 0.8427, 0.8]
[2024-12-16 16:01:47,920][/root/codes/MolFeSCue-master-2/fsadmet/utils/std_logger.py][INFO] - mean downstream task mean auc、f1、pr_auc: 0.8031,0.3041,0.3302
[2024-12-16 16:03:45,750][/root/codes/MolFeSCue-master-2/fsadmet/utils/std_logger.py][INFO] - downstream task aucs: [0.7722, 0.8396, 0.8121]
[2024-12-16 16:03:45,755][/root/codes/MolFeSCue-master-2/fsadmet/utils/std_logger.py][INFO] - mean downstream task mean auc、f1、pr_auc: 0.8079,0.3097,0.3205
[2024-12-16 16:05:41,543][/root/codes/MolFeSCue-master-2/fsadmet/utils/std_logger.py][INFO] - downstream task aucs: [0.7774, 0.8464, 0.8019]
[2024-12-16 16:05:41,548][/root/codes/MolFeSCue-master-2/fsadmet/utils/std_logger.py][INFO] - mean downstream task mean auc、f1、pr_auc: 0.8085,0.2942,0.3324
[2024-12-16 16:07:38,046][/root/codes/MolFeSCue-master-2/fsadmet/utils/std_logger.py][INFO] - downstream task aucs: [0.7712, 0.8445, 0.8214]
[2024-12-16 16:07:38,052][/root/codes/MolFeSCue-master-2/fsadmet/utils/std_logger.py][INFO] - mean downstream task mean auc、f1、pr_auc: 0.8124,0.2898,0.336
[2024-12-16 16:09:34,494][/root/codes/MolFeSCue-master-2/fsadmet/utils/std_logger.py][INFO] - downstream task aucs: [0.7612, 0.835, 0.802]
[2024-12-16 16:09:34,496][/root/codes/MolFeSCue-master-2/fsadmet/utils/std_logger.py][INFO] - mean downstream task mean auc、f1、pr_auc: 0.7994,0.2858,0.3205
[2024-12-16 16:11:32,226][/root/codes/MolFeSCue-master-2/fsadmet/utils/std_logger.py][INFO] - downstream task aucs: [0.7684, 0.8374, 0.7884]
[2024-12-16 16:11:32,231][/root/codes/MolFeSCue-master-2/fsadmet/utils/std_logger.py][INFO] - mean downstream task mean auc、f1、pr_auc: 0.798,0.3066,0.3144
[2024-12-16 16:13:31,553][/root/codes/MolFeSCue-master-2/fsadmet/utils/std_logger.py][INFO] - downstream task aucs: [0.7704, 0.8492, 0.7998]
[2024-12-16 16:13:31,555][/root/codes/MolFeSCue-master-2/fsadmet/utils/std_logger.py][INFO] - mean downstream task mean auc、f1、pr_auc: 0.8065,0.2595,0.3176
[2024-12-16 16:15:31,123][/root/codes/MolFeSCue-master-2/fsadmet/utils/std_logger.py][INFO] - downstream task aucs: [0.7603, 0.8474, 0.816]
[2024-12-16 16:15:31,128][/root/codes/MolFeSCue-master-2/fsadmet/utils/std_logger.py][INFO] - mean downstream task mean auc、f1、pr_auc: 0.8079,0.2523,0.3452
[2024-12-16 16:17:30,106][/root/codes/MolFeSCue-master-2/fsadmet/utils/std_logger.py][INFO] - downstream task aucs: [0.7808, 0.8421, 0.8056]
[2024-12-16 16:17:30,110][/root/codes/MolFeSCue-master-2/fsadmet/utils/std_logger.py][INFO] - mean downstream task mean auc、f1、pr_auc: 0.8095,0.3281,0.3376
[2024-12-16 16:19:26,943][/root/codes/MolFeSCue-master-2/fsadmet/utils/std_logger.py][INFO] - downstream task aucs: [0.7699, 0.8379, 0.8075]
[2024-12-16 16:19:26,948][/root/codes/MolFeSCue-master-2/fsadmet/utils/std_logger.py][INFO] - mean downstream task mean auc、f1、pr_auc: 0.8051,0.3291,0.3317
[2024-12-16 16:21:23,817][/root/codes/MolFeSCue-master-2/fsadmet/utils/std_logger.py][INFO] - downstream task aucs: [0.7702, 0.8439, 0.8299]
[2024-12-16 16:21:23,819][/root/codes/MolFeSCue-master-2/fsadmet/utils/std_logger.py][INFO] - mean downstream task mean auc、f1、pr_auc: 0.8147,0.3027,0.334
[2024-12-16 16:23:21,464][/root/codes/MolFeSCue-master-2/fsadmet/utils/std_logger.py][INFO] - downstream task aucs: [0.7767, 0.8395, 0.8291]
[2024-12-16 16:23:21,468][/root/codes/MolFeSCue-master-2/fsadmet/utils/std_logger.py][INFO] - mean downstream task mean auc、f1、pr_auc: 0.8151,0.3374,0.3435
[2024-12-16 16:25:17,687][/root/codes/MolFeSCue-master-2/fsadmet/utils/std_logger.py][INFO] - downstream task aucs: [0.7746, 0.8477, 0.8172]
[2024-12-16 16:25:17,692][/root/codes/MolFeSCue-master-2/fsadmet/utils/std_logger.py][INFO] - mean downstream task mean auc、f1、pr_auc: 0.8132,0.2652,0.3417
[2024-12-16 16:27:14,186][/root/codes/MolFeSCue-master-2/fsadmet/utils/std_logger.py][INFO] - downstream task aucs: [0.7772, 0.8538, 0.8298]
[2024-12-16 16:27:14,191][/root/codes/MolFeSCue-master-2/fsadmet/utils/std_logger.py][INFO] - mean downstream task mean auc、f1、pr_auc: 0.8203,0.2521,0.3532
[2024-12-16 16:29:14,421][/root/codes/MolFeSCue-master-2/fsadmet/utils/std_logger.py][INFO] - downstream task aucs: [0.764, 0.8563, 0.8322]
[2024-12-16 16:29:14,422][/root/codes/MolFeSCue-master-2/fsadmet/utils/std_logger.py][INFO] - mean downstream task mean auc、f1、pr_auc: 0.8175,0.2881,0.3459
