[2024-12-02 18:11:12,904][/root/codes/MolFeSCue-master-2/fsadmet/utils/std_logger.py][INFO] - 模型加载成功！......

[2024-12-02 18:11:12,904][/root/codes/MolFeSCue-master-2/fsadmet/utils/std_logger.py][INFO] - MetaGraphModel(
  (base_model): GraphADT(
    (fc): Sequential(
      (0): Linear(in_features=200, out_features=512, bias=True)
      (1): BatchNorm1d(512, eps=1e-05, momentum=0.1, affine=True, track_running_stats=True)
      (2): ReLU()
      (3): Linear(in_features=512, out_features=256, bias=True)
    )
    (linear): Sequential(
      (0): Linear(in_features=200, out_features=512, bias=True)
      (1): BatchNorm1d(512, eps=1e-05, momentum=0.1, affine=True, track_running_stats=True)
      (2): Linear(in_features=512, out_features=256, bias=True)
    )
    (fc_g): Sequential(
      (0): GINWithKAN(
        (gin_conv): GINConv(nn=Sequential(
          (0): Linear(in_features=256, out_features=256, bias=True)
        ))
        (kan_layer): KANLinear(
          (base_activation): Identity()
        )
      )
    )
    (fc_g1): Sequential(
      (0): GINWithKAN(
        (gin_conv): GINConv(nn=Sequential(
          (0): Linear(in_features=256, out_features=256, bias=True)
        ))
        (kan_layer): KANLinear(
          (base_activation): Identity()
        )
      )
    )
    (fc_final): Sequential(
      (0): GINWithKAN(
        (gin_conv): GINConv(nn=Sequential(
          (0): Linear(in_features=256, out_features=1, bias=True)
        ))
        (kan_layer): KANLinear(
          (base_activation): Identity()
        )
      )
    )
    (fc_final1): Sequential(
      (0): GINWithKAN(
        (gin_conv): GINConv(nn=Sequential(
          (0): Linear(in_features=256, out_features=1, bias=True)
        ))
        (kan_layer): KANLinear(
          (base_activation): Identity()
        )
      )
    )
    (relu): ReLU()
    (activation): Sigmoid()
    (softmax): Softmax(dim=1)
    (fc3): Sequential(
      (0): Linear(in_features=1, out_features=1, bias=True)
      (1): Sigmoid()
    )
    (pool1): MVPool(
      (sparse_attention): Sparsemax()
      (calc_pagerank_score): PageRankScore(128)
      (select_topk): SelectTopK(128, ratio=0.8)
    )
    (pool2): MVPool(
      (sparse_attention): Sparsemax()
      (calc_pagerank_score): PageRankScore(128)
      (select_topk): SelectTopK(128, ratio=0.8)
    )
    (pool3): MVPool(
      (sparse_attention): Sparsemax()
      (calc_pagerank_score): PageRankScore(128)
      (select_topk): SelectTopK(128, ratio=0.8)
    )
    (pool4): MVPool(
      (sparse_attention): Sparsemax()
      (calc_pagerank_score): PageRankScore(128)
      (select_topk): SelectTopK(128, ratio=0.8)
    )
    (pool5): MVPool(
      (sparse_attention): Sparsemax()
      (calc_pagerank_score): PageRankScore(128)
      (select_topk): SelectTopK(128, ratio=0.8)
    )
    (pool6): MVPool(
      (sparse_attention): Sparsemax()
      (calc_pagerank_score): PageRankScore(128)
      (select_topk): SelectTopK(128, ratio=0.8)
    )
    (pool7): MVPool(
      (sparse_attention): Sparsemax()
      (calc_pagerank_score): PageRankScore(128)
      (select_topk): SelectTopK(128, ratio=0.8)
    )
    (pool8): MVPool(
      (sparse_attention): Sparsemax()
      (calc_pagerank_score): PageRankScore(128)
      (select_topk): SelectTopK(128, ratio=0.8)
    )
    (dim_transform0): Linear(in_features=93, out_features=128, bias=True)
    (dim_transform1): Linear(in_features=43, out_features=128, bias=True)
    (conv1): GINWithKAN(
      (gin_conv): GINConv(nn=Sequential(
        (0): Linear(in_features=128, out_features=128, bias=True)
      ))
      (kan_layer): KANLinear(
        (base_activation): Identity()
      )
    )
    (conv2): GINWithKAN(
      (gin_conv): GINConv(nn=Sequential(
        (0): Linear(in_features=128, out_features=128, bias=True)
      ))
      (kan_layer): KANLinear(
        (base_activation): Identity()
      )
    )
    (conv3): GINWithKAN(
      (gin_conv): GINConv(nn=Sequential(
        (0): Linear(in_features=128, out_features=128, bias=True)
      ))
      (kan_layer): KANLinear(
        (base_activation): Identity()
      )
    )
    (conv4): GINWithKAN(
      (gin_conv): GINConv(nn=Sequential(
        (0): Linear(in_features=128, out_features=128, bias=True)
      ))
      (kan_layer): KANLinear(
        (base_activation): Identity()
      )
    )
    (conv5): GINWithKAN(
      (gin_conv): GINConv(nn=Sequential(
        (0): Linear(in_features=128, out_features=128, bias=True)
      ))
      (kan_layer): KANLinear(
        (base_activation): Identity()
      )
    )
    (conv6): GINWithKAN(
      (gin_conv): GINConv(nn=Sequential(
        (0): Linear(in_features=128, out_features=128, bias=True)
      ))
      (kan_layer): KANLinear(
        (base_activation): Identity()
      )
    )
    (conv7): GINWithKAN(
      (gin_conv): GINConv(nn=Sequential(
        (0): Linear(in_features=128, out_features=128, bias=True)
      ))
      (kan_layer): KANLinear(
        (base_activation): Identity()
      )
    )
    (conv8): GINWithKAN(
      (gin_conv): GINConv(nn=Sequential(
        (0): Linear(in_features=128, out_features=128, bias=True)
      ))
      (kan_layer): KANLinear(
        (base_activation): Identity()
      )
    )
  )
)
[2024-12-02 18:12:43,523][/root/codes/MolFeSCue-master-2/fsadmet/utils/std_logger.py][INFO] - downstream task aucs: [0.5012]
[2024-12-02 18:12:43,524][/root/codes/MolFeSCue-master-2/fsadmet/utils/std_logger.py][INFO] - mean downstream task mean auc、f1、pr_auc: 0.5012,0.0,0.0559
[2024-12-02 18:14:12,307][/root/codes/MolFeSCue-master-2/fsadmet/utils/std_logger.py][INFO] - downstream task aucs: [0.5569]
[2024-12-02 18:14:12,307][/root/codes/MolFeSCue-master-2/fsadmet/utils/std_logger.py][INFO] - mean downstream task mean auc、f1、pr_auc: 0.5569,0.0,0.0689
[2024-12-02 18:15:39,899][/root/codes/MolFeSCue-master-2/fsadmet/utils/std_logger.py][INFO] - downstream task aucs: [0.5384]
[2024-12-02 18:15:39,899][/root/codes/MolFeSCue-master-2/fsadmet/utils/std_logger.py][INFO] - mean downstream task mean auc、f1、pr_auc: 0.5384,0.0,0.0686
[2024-12-02 18:17:06,854][/root/codes/MolFeSCue-master-2/fsadmet/utils/std_logger.py][INFO] - downstream task aucs: [0.5574]
[2024-12-02 18:17:06,855][/root/codes/MolFeSCue-master-2/fsadmet/utils/std_logger.py][INFO] - mean downstream task mean auc、f1、pr_auc: 0.5574,0.0,0.0713
[2024-12-02 18:18:35,688][/root/codes/MolFeSCue-master-2/fsadmet/utils/std_logger.py][INFO] - downstream task aucs: [0.5711]
[2024-12-02 18:18:35,688][/root/codes/MolFeSCue-master-2/fsadmet/utils/std_logger.py][INFO] - mean downstream task mean auc、f1、pr_auc: 0.5711,0.0,0.0705
[2024-12-02 18:20:03,735][/root/codes/MolFeSCue-master-2/fsadmet/utils/std_logger.py][INFO] - downstream task aucs: [0.5824]
[2024-12-02 18:20:03,736][/root/codes/MolFeSCue-master-2/fsadmet/utils/std_logger.py][INFO] - mean downstream task mean auc、f1、pr_auc: 0.5824,0.0,0.0734
[2024-12-02 18:21:31,411][/root/codes/MolFeSCue-master-2/fsadmet/utils/std_logger.py][INFO] - downstream task aucs: [0.5928]
[2024-12-02 18:21:31,411][/root/codes/MolFeSCue-master-2/fsadmet/utils/std_logger.py][INFO] - mean downstream task mean auc、f1、pr_auc: 0.5928,0.0,0.0811
[2024-12-02 18:23:00,421][/root/codes/MolFeSCue-master-2/fsadmet/utils/std_logger.py][INFO] - downstream task aucs: [0.5737]
[2024-12-02 18:23:00,422][/root/codes/MolFeSCue-master-2/fsadmet/utils/std_logger.py][INFO] - mean downstream task mean auc、f1、pr_auc: 0.5737,0.0,0.0715
[2024-12-02 18:24:28,978][/root/codes/MolFeSCue-master-2/fsadmet/utils/std_logger.py][INFO] - downstream task aucs: [0.5951]
[2024-12-02 18:24:28,979][/root/codes/MolFeSCue-master-2/fsadmet/utils/std_logger.py][INFO] - mean downstream task mean auc、f1、pr_auc: 0.5951,0.0,0.0849
[2024-12-02 18:25:57,022][/root/codes/MolFeSCue-master-2/fsadmet/utils/std_logger.py][INFO] - downstream task aucs: [0.5999]
[2024-12-02 18:25:57,023][/root/codes/MolFeSCue-master-2/fsadmet/utils/std_logger.py][INFO] - mean downstream task mean auc、f1、pr_auc: 0.5999,0.0,0.0866
[2024-12-02 18:27:25,268][/root/codes/MolFeSCue-master-2/fsadmet/utils/std_logger.py][INFO] - downstream task aucs: [0.6001]
[2024-12-02 18:27:25,268][/root/codes/MolFeSCue-master-2/fsadmet/utils/std_logger.py][INFO] - mean downstream task mean auc、f1、pr_auc: 0.6001,0.0,0.087
[2024-12-02 18:28:52,547][/root/codes/MolFeSCue-master-2/fsadmet/utils/std_logger.py][INFO] - downstream task aucs: [0.6059]
[2024-12-02 18:28:52,548][/root/codes/MolFeSCue-master-2/fsadmet/utils/std_logger.py][INFO] - mean downstream task mean auc、f1、pr_auc: 0.6059,0.0,0.079
[2024-12-02 18:30:20,756][/root/codes/MolFeSCue-master-2/fsadmet/utils/std_logger.py][INFO] - downstream task aucs: [0.6126]
[2024-12-02 18:30:20,756][/root/codes/MolFeSCue-master-2/fsadmet/utils/std_logger.py][INFO] - mean downstream task mean auc、f1、pr_auc: 0.6126,0.0,0.0937
[2024-12-02 18:31:49,288][/root/codes/MolFeSCue-master-2/fsadmet/utils/std_logger.py][INFO] - downstream task aucs: [0.6114]
[2024-12-02 18:31:49,288][/root/codes/MolFeSCue-master-2/fsadmet/utils/std_logger.py][INFO] - mean downstream task mean auc、f1、pr_auc: 0.6114,0.0,0.0935
[2024-12-02 18:33:17,457][/root/codes/MolFeSCue-master-2/fsadmet/utils/std_logger.py][INFO] - downstream task aucs: [0.6212]
[2024-12-02 18:33:17,457][/root/codes/MolFeSCue-master-2/fsadmet/utils/std_logger.py][INFO] - mean downstream task mean auc、f1、pr_auc: 0.6212,0.0,0.0946
[2024-12-02 18:34:47,045][/root/codes/MolFeSCue-master-2/fsadmet/utils/std_logger.py][INFO] - downstream task aucs: [0.63]
[2024-12-02 18:34:47,046][/root/codes/MolFeSCue-master-2/fsadmet/utils/std_logger.py][INFO] - mean downstream task mean auc、f1、pr_auc: 0.63,0.0,0.1069
[2024-12-02 18:36:16,478][/root/codes/MolFeSCue-master-2/fsadmet/utils/std_logger.py][INFO] - downstream task aucs: [0.6526]
[2024-12-02 18:36:16,479][/root/codes/MolFeSCue-master-2/fsadmet/utils/std_logger.py][INFO] - mean downstream task mean auc、f1、pr_auc: 0.6526,0.0,0.1014
[2024-12-02 18:37:46,373][/root/codes/MolFeSCue-master-2/fsadmet/utils/std_logger.py][INFO] - downstream task aucs: [0.6555]
[2024-12-02 18:37:46,374][/root/codes/MolFeSCue-master-2/fsadmet/utils/std_logger.py][INFO] - mean downstream task mean auc、f1、pr_auc: 0.6555,0.0,0.1203
[2024-12-02 18:39:16,047][/root/codes/MolFeSCue-master-2/fsadmet/utils/std_logger.py][INFO] - downstream task aucs: [0.6453]
[2024-12-02 18:39:16,047][/root/codes/MolFeSCue-master-2/fsadmet/utils/std_logger.py][INFO] - mean downstream task mean auc、f1、pr_auc: 0.6453,0.0,0.1227
[2024-12-02 18:40:44,237][/root/codes/MolFeSCue-master-2/fsadmet/utils/std_logger.py][INFO] - downstream task aucs: [0.6692]
[2024-12-02 18:40:44,237][/root/codes/MolFeSCue-master-2/fsadmet/utils/std_logger.py][INFO] - mean downstream task mean auc、f1、pr_auc: 0.6692,0.0,0.1227
[2024-12-02 18:42:13,806][/root/codes/MolFeSCue-master-2/fsadmet/utils/std_logger.py][INFO] - downstream task aucs: [0.6843]
[2024-12-02 18:42:13,806][/root/codes/MolFeSCue-master-2/fsadmet/utils/std_logger.py][INFO] - mean downstream task mean auc、f1、pr_auc: 0.6843,0.0,0.1208
[2024-12-02 18:43:42,832][/root/codes/MolFeSCue-master-2/fsadmet/utils/std_logger.py][INFO] - downstream task aucs: [0.6605]
[2024-12-02 18:43:42,832][/root/codes/MolFeSCue-master-2/fsadmet/utils/std_logger.py][INFO] - mean downstream task mean auc、f1、pr_auc: 0.6605,0.0,0.1091
[2024-12-02 18:45:12,842][/root/codes/MolFeSCue-master-2/fsadmet/utils/std_logger.py][INFO] - downstream task aucs: [0.6718]
[2024-12-02 18:45:12,842][/root/codes/MolFeSCue-master-2/fsadmet/utils/std_logger.py][INFO] - mean downstream task mean auc、f1、pr_auc: 0.6718,0.0056,0.1246
[2024-12-02 18:46:42,928][/root/codes/MolFeSCue-master-2/fsadmet/utils/std_logger.py][INFO] - downstream task aucs: [0.6613]
[2024-12-02 18:46:42,928][/root/codes/MolFeSCue-master-2/fsadmet/utils/std_logger.py][INFO] - mean downstream task mean auc、f1、pr_auc: 0.6613,0.0,0.1143
[2024-12-02 18:48:13,545][/root/codes/MolFeSCue-master-2/fsadmet/utils/std_logger.py][INFO] - downstream task aucs: [0.6743]
[2024-12-02 18:48:13,546][/root/codes/MolFeSCue-master-2/fsadmet/utils/std_logger.py][INFO] - mean downstream task mean auc、f1、pr_auc: 0.6743,0.0,0.1222
[2024-12-02 18:49:43,134][/root/codes/MolFeSCue-master-2/fsadmet/utils/std_logger.py][INFO] - downstream task aucs: [0.6746]
[2024-12-02 18:49:43,135][/root/codes/MolFeSCue-master-2/fsadmet/utils/std_logger.py][INFO] - mean downstream task mean auc、f1、pr_auc: 0.6746,0.0165,0.1293
[2024-12-02 18:51:12,293][/root/codes/MolFeSCue-master-2/fsadmet/utils/std_logger.py][INFO] - downstream task aucs: [0.6772]
[2024-12-02 18:51:12,293][/root/codes/MolFeSCue-master-2/fsadmet/utils/std_logger.py][INFO] - mean downstream task mean auc、f1、pr_auc: 0.6772,0.0315,0.1344
[2024-12-02 18:52:42,366][/root/codes/MolFeSCue-master-2/fsadmet/utils/std_logger.py][INFO] - downstream task aucs: [0.701]
[2024-12-02 18:52:42,366][/root/codes/MolFeSCue-master-2/fsadmet/utils/std_logger.py][INFO] - mean downstream task mean auc、f1、pr_auc: 0.701,0.0165,0.1509
[2024-12-02 18:54:12,802][/root/codes/MolFeSCue-master-2/fsadmet/utils/std_logger.py][INFO] - downstream task aucs: [0.7013]
[2024-12-02 18:54:12,803][/root/codes/MolFeSCue-master-2/fsadmet/utils/std_logger.py][INFO] - mean downstream task mean auc、f1、pr_auc: 0.7013,0.0,0.1317
[2024-12-02 18:55:43,236][/root/codes/MolFeSCue-master-2/fsadmet/utils/std_logger.py][INFO] - downstream task aucs: [0.7115]
[2024-12-02 18:55:43,236][/root/codes/MolFeSCue-master-2/fsadmet/utils/std_logger.py][INFO] - mean downstream task mean auc、f1、pr_auc: 0.7115,0.0,0.1405
[2024-12-02 18:57:13,817][/root/codes/MolFeSCue-master-2/fsadmet/utils/std_logger.py][INFO] - downstream task aucs: [0.7022]
[2024-12-02 18:57:13,817][/root/codes/MolFeSCue-master-2/fsadmet/utils/std_logger.py][INFO] - mean downstream task mean auc、f1、pr_auc: 0.7022,0.0056,0.1484
[2024-12-02 18:58:44,018][/root/codes/MolFeSCue-master-2/fsadmet/utils/std_logger.py][INFO] - downstream task aucs: [0.6959]
[2024-12-02 18:58:44,018][/root/codes/MolFeSCue-master-2/fsadmet/utils/std_logger.py][INFO] - mean downstream task mean auc、f1、pr_auc: 0.6959,0.0108,0.1281
[2024-12-02 19:00:14,557][/root/codes/MolFeSCue-master-2/fsadmet/utils/std_logger.py][INFO] - downstream task aucs: [0.7109]
[2024-12-02 19:00:14,557][/root/codes/MolFeSCue-master-2/fsadmet/utils/std_logger.py][INFO] - mean downstream task mean auc、f1、pr_auc: 0.7109,0.0218,0.1427
[2024-12-02 19:01:44,677][/root/codes/MolFeSCue-master-2/fsadmet/utils/std_logger.py][INFO] - downstream task aucs: [0.7221]
[2024-12-02 19:01:44,677][/root/codes/MolFeSCue-master-2/fsadmet/utils/std_logger.py][INFO] - mean downstream task mean auc、f1、pr_auc: 0.7221,0.075,0.152
[2024-12-02 19:03:15,256][/root/codes/MolFeSCue-master-2/fsadmet/utils/std_logger.py][INFO] - downstream task aucs: [0.737]
[2024-12-02 19:03:15,256][/root/codes/MolFeSCue-master-2/fsadmet/utils/std_logger.py][INFO] - mean downstream task mean auc、f1、pr_auc: 0.737,0.069,0.1382
[2024-12-02 19:04:46,856][/root/codes/MolFeSCue-master-2/fsadmet/utils/std_logger.py][INFO] - downstream task aucs: [0.728]
[2024-12-02 19:04:46,856][/root/codes/MolFeSCue-master-2/fsadmet/utils/std_logger.py][INFO] - mean downstream task mean auc、f1、pr_auc: 0.728,0.0156,0.129
[2024-12-02 19:06:16,990][/root/codes/MolFeSCue-master-2/fsadmet/utils/std_logger.py][INFO] - downstream task aucs: [0.7189]
[2024-12-02 19:06:16,991][/root/codes/MolFeSCue-master-2/fsadmet/utils/std_logger.py][INFO] - mean downstream task mean auc、f1、pr_auc: 0.7189,0.0424,0.1575
[2024-12-02 19:07:46,461][/root/codes/MolFeSCue-master-2/fsadmet/utils/std_logger.py][INFO] - downstream task aucs: [0.7527]
[2024-12-02 19:07:46,461][/root/codes/MolFeSCue-master-2/fsadmet/utils/std_logger.py][INFO] - mean downstream task mean auc、f1、pr_auc: 0.7527,0.0166,0.1845
[2024-12-02 19:09:15,743][/root/codes/MolFeSCue-master-2/fsadmet/utils/std_logger.py][INFO] - downstream task aucs: [0.7487]
[2024-12-02 19:09:15,744][/root/codes/MolFeSCue-master-2/fsadmet/utils/std_logger.py][INFO] - mean downstream task mean auc、f1、pr_auc: 0.7487,0.0207,0.1423
[2024-12-02 19:10:45,118][/root/codes/MolFeSCue-master-2/fsadmet/utils/std_logger.py][INFO] - downstream task aucs: [0.7349]
[2024-12-02 19:10:45,118][/root/codes/MolFeSCue-master-2/fsadmet/utils/std_logger.py][INFO] - mean downstream task mean auc、f1、pr_auc: 0.7349,0.0111,0.1659
[2024-12-02 19:12:15,089][/root/codes/MolFeSCue-master-2/fsadmet/utils/std_logger.py][INFO] - downstream task aucs: [0.7325]
[2024-12-02 19:12:15,090][/root/codes/MolFeSCue-master-2/fsadmet/utils/std_logger.py][INFO] - mean downstream task mean auc、f1、pr_auc: 0.7325,0.0274,0.1751
[2024-12-02 19:13:44,992][/root/codes/MolFeSCue-master-2/fsadmet/utils/std_logger.py][INFO] - downstream task aucs: [0.7319]
[2024-12-02 19:13:44,992][/root/codes/MolFeSCue-master-2/fsadmet/utils/std_logger.py][INFO] - mean downstream task mean auc、f1、pr_auc: 0.7319,0.0365,0.1424
[2024-12-02 19:15:15,704][/root/codes/MolFeSCue-master-2/fsadmet/utils/std_logger.py][INFO] - downstream task aucs: [0.7538]
[2024-12-02 19:15:15,704][/root/codes/MolFeSCue-master-2/fsadmet/utils/std_logger.py][INFO] - mean downstream task mean auc、f1、pr_auc: 0.7538,0.0567,0.1728
[2024-12-02 19:16:46,558][/root/codes/MolFeSCue-master-2/fsadmet/utils/std_logger.py][INFO] - downstream task aucs: [0.7607]
[2024-12-02 19:16:46,559][/root/codes/MolFeSCue-master-2/fsadmet/utils/std_logger.py][INFO] - mean downstream task mean auc、f1、pr_auc: 0.7607,0.0163,0.1622
[2024-12-02 19:18:17,156][/root/codes/MolFeSCue-master-2/fsadmet/utils/std_logger.py][INFO] - downstream task aucs: [0.7462]
[2024-12-02 19:18:17,156][/root/codes/MolFeSCue-master-2/fsadmet/utils/std_logger.py][INFO] - mean downstream task mean auc、f1、pr_auc: 0.7462,0.0379,0.1871
[2024-12-02 19:19:46,879][/root/codes/MolFeSCue-master-2/fsadmet/utils/std_logger.py][INFO] - downstream task aucs: [0.7436]
[2024-12-02 19:19:46,880][/root/codes/MolFeSCue-master-2/fsadmet/utils/std_logger.py][INFO] - mean downstream task mean auc、f1、pr_auc: 0.7436,0.059,0.2144
[2024-12-02 19:21:17,030][/root/codes/MolFeSCue-master-2/fsadmet/utils/std_logger.py][INFO] - downstream task aucs: [0.7524]
[2024-12-02 19:21:17,030][/root/codes/MolFeSCue-master-2/fsadmet/utils/std_logger.py][INFO] - mean downstream task mean auc、f1、pr_auc: 0.7524,0.0796,0.1815
[2024-12-02 19:22:47,332][/root/codes/MolFeSCue-master-2/fsadmet/utils/std_logger.py][INFO] - downstream task aucs: [0.7513]
[2024-12-02 19:22:47,333][/root/codes/MolFeSCue-master-2/fsadmet/utils/std_logger.py][INFO] - mean downstream task mean auc、f1、pr_auc: 0.7513,0.0591,0.144
[2024-12-02 19:24:17,254][/root/codes/MolFeSCue-master-2/fsadmet/utils/std_logger.py][INFO] - downstream task aucs: [0.7697]
[2024-12-02 19:24:17,254][/root/codes/MolFeSCue-master-2/fsadmet/utils/std_logger.py][INFO] - mean downstream task mean auc、f1、pr_auc: 0.7697,0.0323,0.1871
[2024-12-02 19:25:48,206][/root/codes/MolFeSCue-master-2/fsadmet/utils/std_logger.py][INFO] - downstream task aucs: [0.7717]
[2024-12-02 19:25:48,206][/root/codes/MolFeSCue-master-2/fsadmet/utils/std_logger.py][INFO] - mean downstream task mean auc、f1、pr_auc: 0.7717,0.022,0.2275
[2024-12-02 19:27:18,146][/root/codes/MolFeSCue-master-2/fsadmet/utils/std_logger.py][INFO] - downstream task aucs: [0.7578]
[2024-12-02 19:27:18,147][/root/codes/MolFeSCue-master-2/fsadmet/utils/std_logger.py][INFO] - mean downstream task mean auc、f1、pr_auc: 0.7578,0.0748,0.1805
[2024-12-02 19:28:48,405][/root/codes/MolFeSCue-master-2/fsadmet/utils/std_logger.py][INFO] - downstream task aucs: [0.7567]
[2024-12-02 19:28:48,405][/root/codes/MolFeSCue-master-2/fsadmet/utils/std_logger.py][INFO] - mean downstream task mean auc、f1、pr_auc: 0.7567,0.0271,0.1647
[2024-12-02 19:30:18,416][/root/codes/MolFeSCue-master-2/fsadmet/utils/std_logger.py][INFO] - downstream task aucs: [0.7576]
[2024-12-02 19:30:18,416][/root/codes/MolFeSCue-master-2/fsadmet/utils/std_logger.py][INFO] - mean downstream task mean auc、f1、pr_auc: 0.7576,0.1144,0.2223
[2024-12-02 19:31:48,740][/root/codes/MolFeSCue-master-2/fsadmet/utils/std_logger.py][INFO] - downstream task aucs: [0.7761]
[2024-12-02 19:31:48,740][/root/codes/MolFeSCue-master-2/fsadmet/utils/std_logger.py][INFO] - mean downstream task mean auc、f1、pr_auc: 0.7761,0.1081,0.2142
[2024-12-02 19:33:18,835][/root/codes/MolFeSCue-master-2/fsadmet/utils/std_logger.py][INFO] - downstream task aucs: [0.7595]
[2024-12-02 19:33:18,836][/root/codes/MolFeSCue-master-2/fsadmet/utils/std_logger.py][INFO] - mean downstream task mean auc、f1、pr_auc: 0.7595,0.1359,0.2244
[2024-12-02 19:34:48,672][/root/codes/MolFeSCue-master-2/fsadmet/utils/std_logger.py][INFO] - downstream task aucs: [0.7537]
[2024-12-02 19:34:48,672][/root/codes/MolFeSCue-master-2/fsadmet/utils/std_logger.py][INFO] - mean downstream task mean auc、f1、pr_auc: 0.7537,0.0734,0.1647
[2024-12-02 19:36:19,724][/root/codes/MolFeSCue-master-2/fsadmet/utils/std_logger.py][INFO] - downstream task aucs: [0.7778]
[2024-12-02 19:36:19,724][/root/codes/MolFeSCue-master-2/fsadmet/utils/std_logger.py][INFO] - mean downstream task mean auc、f1、pr_auc: 0.7778,0.0519,0.1942
[2024-12-02 19:37:50,698][/root/codes/MolFeSCue-master-2/fsadmet/utils/std_logger.py][INFO] - downstream task aucs: [0.7692]
[2024-12-02 19:37:50,699][/root/codes/MolFeSCue-master-2/fsadmet/utils/std_logger.py][INFO] - mean downstream task mean auc、f1、pr_auc: 0.7692,0.0624,0.1701
[2024-12-02 19:39:21,145][/root/codes/MolFeSCue-master-2/fsadmet/utils/std_logger.py][INFO] - downstream task aucs: [0.7813]
[2024-12-02 19:39:21,145][/root/codes/MolFeSCue-master-2/fsadmet/utils/std_logger.py][INFO] - mean downstream task mean auc、f1、pr_auc: 0.7813,0.0528,0.2141
[2024-12-02 19:40:51,424][/root/codes/MolFeSCue-master-2/fsadmet/utils/std_logger.py][INFO] - downstream task aucs: [0.7714]
[2024-12-02 19:40:51,424][/root/codes/MolFeSCue-master-2/fsadmet/utils/std_logger.py][INFO] - mean downstream task mean auc、f1、pr_auc: 0.7714,0.1455,0.2287
[2024-12-02 19:42:21,347][/root/codes/MolFeSCue-master-2/fsadmet/utils/std_logger.py][INFO] - downstream task aucs: [0.7779]
[2024-12-02 19:42:21,348][/root/codes/MolFeSCue-master-2/fsadmet/utils/std_logger.py][INFO] - mean downstream task mean auc、f1、pr_auc: 0.7779,0.0842,0.194
[2024-12-02 19:43:51,885][/root/codes/MolFeSCue-master-2/fsadmet/utils/std_logger.py][INFO] - downstream task aucs: [0.7472]
[2024-12-02 19:43:51,885][/root/codes/MolFeSCue-master-2/fsadmet/utils/std_logger.py][INFO] - mean downstream task mean auc、f1、pr_auc: 0.7472,0.022,0.1732
[2024-12-02 19:45:22,982][/root/codes/MolFeSCue-master-2/fsadmet/utils/std_logger.py][INFO] - downstream task aucs: [0.762]
[2024-12-02 19:45:22,982][/root/codes/MolFeSCue-master-2/fsadmet/utils/std_logger.py][INFO] - mean downstream task mean auc、f1、pr_auc: 0.762,0.0275,0.2342
[2024-12-02 19:46:53,926][/root/codes/MolFeSCue-master-2/fsadmet/utils/std_logger.py][INFO] - downstream task aucs: [0.7658]
[2024-12-02 19:46:53,927][/root/codes/MolFeSCue-master-2/fsadmet/utils/std_logger.py][INFO] - mean downstream task mean auc、f1、pr_auc: 0.7658,0.0771,0.1882
[2024-12-02 19:48:25,912][/root/codes/MolFeSCue-master-2/fsadmet/utils/std_logger.py][INFO] - downstream task aucs: [0.771]
[2024-12-02 19:48:25,912][/root/codes/MolFeSCue-master-2/fsadmet/utils/std_logger.py][INFO] - mean downstream task mean auc、f1、pr_auc: 0.771,0.102,0.2405
[2024-12-02 19:49:57,341][/root/codes/MolFeSCue-master-2/fsadmet/utils/std_logger.py][INFO] - downstream task aucs: [0.7703]
[2024-12-02 19:49:57,341][/root/codes/MolFeSCue-master-2/fsadmet/utils/std_logger.py][INFO] - mean downstream task mean auc、f1、pr_auc: 0.7703,0.1108,0.2024
[2024-12-02 19:51:29,112][/root/codes/MolFeSCue-master-2/fsadmet/utils/std_logger.py][INFO] - downstream task aucs: [0.7634]
[2024-12-02 19:51:29,112][/root/codes/MolFeSCue-master-2/fsadmet/utils/std_logger.py][INFO] - mean downstream task mean auc、f1、pr_auc: 0.7634,0.095,0.1722
[2024-12-02 19:53:00,234][/root/codes/MolFeSCue-master-2/fsadmet/utils/std_logger.py][INFO] - downstream task aucs: [0.781]
[2024-12-02 19:53:00,235][/root/codes/MolFeSCue-master-2/fsadmet/utils/std_logger.py][INFO] - mean downstream task mean auc、f1、pr_auc: 0.781,0.1048,0.224
[2024-12-02 19:54:31,726][/root/codes/MolFeSCue-master-2/fsadmet/utils/std_logger.py][INFO] - downstream task aucs: [0.7739]
[2024-12-02 19:54:31,726][/root/codes/MolFeSCue-master-2/fsadmet/utils/std_logger.py][INFO] - mean downstream task mean auc、f1、pr_auc: 0.7739,0.1614,0.2018
[2024-12-02 19:56:02,386][/root/codes/MolFeSCue-master-2/fsadmet/utils/std_logger.py][INFO] - downstream task aucs: [0.7712]
[2024-12-02 19:56:02,387][/root/codes/MolFeSCue-master-2/fsadmet/utils/std_logger.py][INFO] - mean downstream task mean auc、f1、pr_auc: 0.7712,0.0804,0.2198
[2024-12-02 19:57:32,650][/root/codes/MolFeSCue-master-2/fsadmet/utils/std_logger.py][INFO] - downstream task aucs: [0.7681]
[2024-12-02 19:57:32,650][/root/codes/MolFeSCue-master-2/fsadmet/utils/std_logger.py][INFO] - mean downstream task mean auc、f1、pr_auc: 0.7681,0.0638,0.2395
[2024-12-02 19:59:02,935][/root/codes/MolFeSCue-master-2/fsadmet/utils/std_logger.py][INFO] - downstream task aucs: [0.7542]
[2024-12-02 19:59:02,936][/root/codes/MolFeSCue-master-2/fsadmet/utils/std_logger.py][INFO] - mean downstream task mean auc、f1、pr_auc: 0.7542,0.107,0.1856
[2024-12-02 20:00:33,365][/root/codes/MolFeSCue-master-2/fsadmet/utils/std_logger.py][INFO] - downstream task aucs: [0.7573]
[2024-12-02 20:00:33,365][/root/codes/MolFeSCue-master-2/fsadmet/utils/std_logger.py][INFO] - mean downstream task mean auc、f1、pr_auc: 0.7573,0.1577,0.2026
[2024-12-02 20:02:03,557][/root/codes/MolFeSCue-master-2/fsadmet/utils/std_logger.py][INFO] - downstream task aucs: [0.7561]
[2024-12-02 20:02:03,557][/root/codes/MolFeSCue-master-2/fsadmet/utils/std_logger.py][INFO] - mean downstream task mean auc、f1、pr_auc: 0.7561,0.1536,0.1706
[2024-12-02 20:03:34,121][/root/codes/MolFeSCue-master-2/fsadmet/utils/std_logger.py][INFO] - downstream task aucs: [0.7735]
[2024-12-02 20:03:34,121][/root/codes/MolFeSCue-master-2/fsadmet/utils/std_logger.py][INFO] - mean downstream task mean auc、f1、pr_auc: 0.7735,0.1179,0.2071
[2024-12-02 20:05:05,558][/root/codes/MolFeSCue-master-2/fsadmet/utils/std_logger.py][INFO] - downstream task aucs: [0.7703]
[2024-12-02 20:05:05,558][/root/codes/MolFeSCue-master-2/fsadmet/utils/std_logger.py][INFO] - mean downstream task mean auc、f1、pr_auc: 0.7703,0.2113,0.2108
[2024-12-02 20:06:36,998][/root/codes/MolFeSCue-master-2/fsadmet/utils/std_logger.py][INFO] - downstream task aucs: [0.7786]
[2024-12-02 20:06:36,998][/root/codes/MolFeSCue-master-2/fsadmet/utils/std_logger.py][INFO] - mean downstream task mean auc、f1、pr_auc: 0.7786,0.1146,0.2088
[2024-12-02 20:08:07,229][/root/codes/MolFeSCue-master-2/fsadmet/utils/std_logger.py][INFO] - downstream task aucs: [0.7668]
[2024-12-02 20:08:07,229][/root/codes/MolFeSCue-master-2/fsadmet/utils/std_logger.py][INFO] - mean downstream task mean auc、f1、pr_auc: 0.7668,0.0948,0.2111
[2024-12-02 20:09:38,746][/root/codes/MolFeSCue-master-2/fsadmet/utils/std_logger.py][INFO] - downstream task aucs: [0.766]
[2024-12-02 20:09:38,747][/root/codes/MolFeSCue-master-2/fsadmet/utils/std_logger.py][INFO] - mean downstream task mean auc、f1、pr_auc: 0.766,0.1978,0.2335
[2024-12-02 20:11:10,094][/root/codes/MolFeSCue-master-2/fsadmet/utils/std_logger.py][INFO] - downstream task aucs: [0.7657]
[2024-12-02 20:11:10,094][/root/codes/MolFeSCue-master-2/fsadmet/utils/std_logger.py][INFO] - mean downstream task mean auc、f1、pr_auc: 0.7657,0.1212,0.1667
[2024-12-02 20:12:41,269][/root/codes/MolFeSCue-master-2/fsadmet/utils/std_logger.py][INFO] - downstream task aucs: [0.7739]
[2024-12-02 20:12:41,270][/root/codes/MolFeSCue-master-2/fsadmet/utils/std_logger.py][INFO] - mean downstream task mean auc、f1、pr_auc: 0.7739,0.0879,0.2372
[2024-12-02 20:14:12,949][/root/codes/MolFeSCue-master-2/fsadmet/utils/std_logger.py][INFO] - downstream task aucs: [0.7682]
[2024-12-02 20:14:12,950][/root/codes/MolFeSCue-master-2/fsadmet/utils/std_logger.py][INFO] - mean downstream task mean auc、f1、pr_auc: 0.7682,0.0808,0.2242
[2024-12-02 20:15:45,023][/root/codes/MolFeSCue-master-2/fsadmet/utils/std_logger.py][INFO] - downstream task aucs: [0.7662]
[2024-12-02 20:15:45,023][/root/codes/MolFeSCue-master-2/fsadmet/utils/std_logger.py][INFO] - mean downstream task mean auc、f1、pr_auc: 0.7662,0.1005,0.2124
[2024-12-02 20:17:16,823][/root/codes/MolFeSCue-master-2/fsadmet/utils/std_logger.py][INFO] - downstream task aucs: [0.7688]
[2024-12-02 20:17:16,823][/root/codes/MolFeSCue-master-2/fsadmet/utils/std_logger.py][INFO] - mean downstream task mean auc、f1、pr_auc: 0.7688,0.1508,0.2128
[2024-12-02 20:18:47,516][/root/codes/MolFeSCue-master-2/fsadmet/utils/std_logger.py][INFO] - downstream task aucs: [0.7673]
[2024-12-02 20:18:47,516][/root/codes/MolFeSCue-master-2/fsadmet/utils/std_logger.py][INFO] - mean downstream task mean auc、f1、pr_auc: 0.7673,0.087,0.1768
[2024-12-02 20:20:19,095][/root/codes/MolFeSCue-master-2/fsadmet/utils/std_logger.py][INFO] - downstream task aucs: [0.7664]
[2024-12-02 20:20:19,095][/root/codes/MolFeSCue-master-2/fsadmet/utils/std_logger.py][INFO] - mean downstream task mean auc、f1、pr_auc: 0.7664,0.1038,0.189
[2024-12-02 20:21:49,264][/root/codes/MolFeSCue-master-2/fsadmet/utils/std_logger.py][INFO] - downstream task aucs: [0.7537]
[2024-12-02 20:21:49,265][/root/codes/MolFeSCue-master-2/fsadmet/utils/std_logger.py][INFO] - mean downstream task mean auc、f1、pr_auc: 0.7537,0.1345,0.1589
[2024-12-02 20:23:20,665][/root/codes/MolFeSCue-master-2/fsadmet/utils/std_logger.py][INFO] - downstream task aucs: [0.7527]
[2024-12-02 20:23:20,665][/root/codes/MolFeSCue-master-2/fsadmet/utils/std_logger.py][INFO] - mean downstream task mean auc、f1、pr_auc: 0.7527,0.1642,0.1638
[2024-12-02 20:24:51,778][/root/codes/MolFeSCue-master-2/fsadmet/utils/std_logger.py][INFO] - downstream task aucs: [0.7691]
[2024-12-02 20:24:51,778][/root/codes/MolFeSCue-master-2/fsadmet/utils/std_logger.py][INFO] - mean downstream task mean auc、f1、pr_auc: 0.7691,0.2505,0.2719
[2024-12-02 20:26:23,311][/root/codes/MolFeSCue-master-2/fsadmet/utils/std_logger.py][INFO] - downstream task aucs: [0.7684]
[2024-12-02 20:26:23,311][/root/codes/MolFeSCue-master-2/fsadmet/utils/std_logger.py][INFO] - mean downstream task mean auc、f1、pr_auc: 0.7684,0.0773,0.229
[2024-12-02 20:27:55,718][/root/codes/MolFeSCue-master-2/fsadmet/utils/std_logger.py][INFO] - downstream task aucs: [0.7735]
[2024-12-02 20:27:55,718][/root/codes/MolFeSCue-master-2/fsadmet/utils/std_logger.py][INFO] - mean downstream task mean auc、f1、pr_auc: 0.7735,0.1649,0.2029
[2024-12-02 20:29:27,907][/root/codes/MolFeSCue-master-2/fsadmet/utils/std_logger.py][INFO] - downstream task aucs: [0.7707]
[2024-12-02 20:29:27,907][/root/codes/MolFeSCue-master-2/fsadmet/utils/std_logger.py][INFO] - mean downstream task mean auc、f1、pr_auc: 0.7707,0.221,0.2179
[2024-12-02 20:31:00,999][/root/codes/MolFeSCue-master-2/fsadmet/utils/std_logger.py][INFO] - downstream task aucs: [0.7672]
[2024-12-02 20:31:01,000][/root/codes/MolFeSCue-master-2/fsadmet/utils/std_logger.py][INFO] - mean downstream task mean auc、f1、pr_auc: 0.7672,0.1416,0.2205
[2024-12-02 20:32:31,987][/root/codes/MolFeSCue-master-2/fsadmet/utils/std_logger.py][INFO] - downstream task aucs: [0.774]
[2024-12-02 20:32:31,988][/root/codes/MolFeSCue-master-2/fsadmet/utils/std_logger.py][INFO] - mean downstream task mean auc、f1、pr_auc: 0.774,0.0756,0.2072
[2024-12-02 20:34:04,499][/root/codes/MolFeSCue-master-2/fsadmet/utils/std_logger.py][INFO] - downstream task aucs: [0.7729]
[2024-12-02 20:34:04,499][/root/codes/MolFeSCue-master-2/fsadmet/utils/std_logger.py][INFO] - mean downstream task mean auc、f1、pr_auc: 0.7729,0.2055,0.2366
[2024-12-02 20:35:37,116][/root/codes/MolFeSCue-master-2/fsadmet/utils/std_logger.py][INFO] - downstream task aucs: [0.7788]
[2024-12-02 20:35:37,116][/root/codes/MolFeSCue-master-2/fsadmet/utils/std_logger.py][INFO] - mean downstream task mean auc、f1、pr_auc: 0.7788,0.1485,0.2072
[2024-12-02 20:37:09,936][/root/codes/MolFeSCue-master-2/fsadmet/utils/std_logger.py][INFO] - downstream task aucs: [0.763]
[2024-12-02 20:37:09,936][/root/codes/MolFeSCue-master-2/fsadmet/utils/std_logger.py][INFO] - mean downstream task mean auc、f1、pr_auc: 0.763,0.0591,0.2239
[2024-12-02 20:38:42,936][/root/codes/MolFeSCue-master-2/fsadmet/utils/std_logger.py][INFO] - downstream task aucs: [0.7754]
[2024-12-02 20:38:42,937][/root/codes/MolFeSCue-master-2/fsadmet/utils/std_logger.py][INFO] - mean downstream task mean auc、f1、pr_auc: 0.7754,0.0743,0.2316
[2024-12-02 20:40:12,779][/root/codes/MolFeSCue-master-2/fsadmet/utils/std_logger.py][INFO] - downstream task aucs: [0.7622]
[2024-12-02 20:40:12,780][/root/codes/MolFeSCue-master-2/fsadmet/utils/std_logger.py][INFO] - mean downstream task mean auc、f1、pr_auc: 0.7622,0.1017,0.2044
[2024-12-02 20:41:45,139][/root/codes/MolFeSCue-master-2/fsadmet/utils/std_logger.py][INFO] - downstream task aucs: [0.7851]
[2024-12-02 20:41:45,139][/root/codes/MolFeSCue-master-2/fsadmet/utils/std_logger.py][INFO] - mean downstream task mean auc、f1、pr_auc: 0.7851,0.1368,0.2638
[2024-12-02 20:43:16,210][/root/codes/MolFeSCue-master-2/fsadmet/utils/std_logger.py][INFO] - downstream task aucs: [0.7801]
[2024-12-02 20:43:16,211][/root/codes/MolFeSCue-master-2/fsadmet/utils/std_logger.py][INFO] - mean downstream task mean auc、f1、pr_auc: 0.7801,0.2589,0.227
[2024-12-02 20:44:48,441][/root/codes/MolFeSCue-master-2/fsadmet/utils/std_logger.py][INFO] - downstream task aucs: [0.7766]
[2024-12-02 20:44:48,441][/root/codes/MolFeSCue-master-2/fsadmet/utils/std_logger.py][INFO] - mean downstream task mean auc、f1、pr_auc: 0.7766,0.1887,0.2445
[2024-12-02 20:46:20,521][/root/codes/MolFeSCue-master-2/fsadmet/utils/std_logger.py][INFO] - downstream task aucs: [0.7665]
[2024-12-02 20:46:20,521][/root/codes/MolFeSCue-master-2/fsadmet/utils/std_logger.py][INFO] - mean downstream task mean auc、f1、pr_auc: 0.7665,0.1225,0.1896
[2024-12-02 20:47:53,275][/root/codes/MolFeSCue-master-2/fsadmet/utils/std_logger.py][INFO] - downstream task aucs: [0.769]
[2024-12-02 20:47:53,275][/root/codes/MolFeSCue-master-2/fsadmet/utils/std_logger.py][INFO] - mean downstream task mean auc、f1、pr_auc: 0.769,0.2098,0.2031
[2024-12-02 20:49:24,982][/root/codes/MolFeSCue-master-2/fsadmet/utils/std_logger.py][INFO] - downstream task aucs: [0.7668]
[2024-12-02 20:49:24,983][/root/codes/MolFeSCue-master-2/fsadmet/utils/std_logger.py][INFO] - mean downstream task mean auc、f1、pr_auc: 0.7668,0.1368,0.2232
[2024-12-02 20:50:57,281][/root/codes/MolFeSCue-master-2/fsadmet/utils/std_logger.py][INFO] - downstream task aucs: [0.7812]
[2024-12-02 20:50:57,282][/root/codes/MolFeSCue-master-2/fsadmet/utils/std_logger.py][INFO] - mean downstream task mean auc、f1、pr_auc: 0.7812,0.2036,0.2212
[2024-12-02 20:52:29,534][/root/codes/MolFeSCue-master-2/fsadmet/utils/std_logger.py][INFO] - downstream task aucs: [0.764]
[2024-12-02 20:52:29,534][/root/codes/MolFeSCue-master-2/fsadmet/utils/std_logger.py][INFO] - mean downstream task mean auc、f1、pr_auc: 0.764,0.1324,0.2292
[2024-12-02 20:54:01,530][/root/codes/MolFeSCue-master-2/fsadmet/utils/std_logger.py][INFO] - downstream task aucs: [0.7803]
[2024-12-02 20:54:01,530][/root/codes/MolFeSCue-master-2/fsadmet/utils/std_logger.py][INFO] - mean downstream task mean auc、f1、pr_auc: 0.7803,0.1613,0.2547
[2024-12-02 20:55:33,926][/root/codes/MolFeSCue-master-2/fsadmet/utils/std_logger.py][INFO] - downstream task aucs: [0.7611]
[2024-12-02 20:55:33,926][/root/codes/MolFeSCue-master-2/fsadmet/utils/std_logger.py][INFO] - mean downstream task mean auc、f1、pr_auc: 0.7611,0.1885,0.204
[2024-12-02 20:57:06,264][/root/codes/MolFeSCue-master-2/fsadmet/utils/std_logger.py][INFO] - downstream task aucs: [0.7635]
[2024-12-02 20:57:06,264][/root/codes/MolFeSCue-master-2/fsadmet/utils/std_logger.py][INFO] - mean downstream task mean auc、f1、pr_auc: 0.7635,0.0907,0.222
[2024-12-02 20:58:40,088][/root/codes/MolFeSCue-master-2/fsadmet/utils/std_logger.py][INFO] - downstream task aucs: [0.7572]
[2024-12-02 20:58:40,090][/root/codes/MolFeSCue-master-2/fsadmet/utils/std_logger.py][INFO] - mean downstream task mean auc、f1、pr_auc: 0.7572,0.1912,0.1865
[2024-12-02 21:00:11,081][/root/codes/MolFeSCue-master-2/fsadmet/utils/std_logger.py][INFO] - downstream task aucs: [0.7464]
[2024-12-02 21:00:11,081][/root/codes/MolFeSCue-master-2/fsadmet/utils/std_logger.py][INFO] - mean downstream task mean auc、f1、pr_auc: 0.7464,0.1373,0.1715
[2024-12-02 21:01:42,692][/root/codes/MolFeSCue-master-2/fsadmet/utils/std_logger.py][INFO] - downstream task aucs: [0.7373]
[2024-12-02 21:01:42,692][/root/codes/MolFeSCue-master-2/fsadmet/utils/std_logger.py][INFO] - mean downstream task mean auc、f1、pr_auc: 0.7373,0.051,0.1544
[2024-12-02 21:03:14,816][/root/codes/MolFeSCue-master-2/fsadmet/utils/std_logger.py][INFO] - downstream task aucs: [0.7504]
[2024-12-02 21:03:14,816][/root/codes/MolFeSCue-master-2/fsadmet/utils/std_logger.py][INFO] - mean downstream task mean auc、f1、pr_auc: 0.7504,0.1656,0.1898
[2024-12-02 21:04:47,084][/root/codes/MolFeSCue-master-2/fsadmet/utils/std_logger.py][INFO] - downstream task aucs: [0.7634]
[2024-12-02 21:04:47,084][/root/codes/MolFeSCue-master-2/fsadmet/utils/std_logger.py][INFO] - mean downstream task mean auc、f1、pr_auc: 0.7634,0.1431,0.1838
[2024-12-02 21:06:19,676][/root/codes/MolFeSCue-master-2/fsadmet/utils/std_logger.py][INFO] - downstream task aucs: [0.7693]
[2024-12-02 21:06:19,676][/root/codes/MolFeSCue-master-2/fsadmet/utils/std_logger.py][INFO] - mean downstream task mean auc、f1、pr_auc: 0.7693,0.1728,0.2241
[2024-12-02 21:07:51,920][/root/codes/MolFeSCue-master-2/fsadmet/utils/std_logger.py][INFO] - downstream task aucs: [0.7908]
[2024-12-02 21:07:51,920][/root/codes/MolFeSCue-master-2/fsadmet/utils/std_logger.py][INFO] - mean downstream task mean auc、f1、pr_auc: 0.7908,0.1122,0.2366
[2024-12-02 21:09:23,354][/root/codes/MolFeSCue-master-2/fsadmet/utils/std_logger.py][INFO] - downstream task aucs: [0.7831]
[2024-12-02 21:09:23,354][/root/codes/MolFeSCue-master-2/fsadmet/utils/std_logger.py][INFO] - mean downstream task mean auc、f1、pr_auc: 0.7831,0.2056,0.252
[2024-12-02 21:10:56,387][/root/codes/MolFeSCue-master-2/fsadmet/utils/std_logger.py][INFO] - downstream task aucs: [0.7571]
[2024-12-02 21:10:56,387][/root/codes/MolFeSCue-master-2/fsadmet/utils/std_logger.py][INFO] - mean downstream task mean auc、f1、pr_auc: 0.7571,0.0933,0.159
[2024-12-02 21:12:29,919][/root/codes/MolFeSCue-master-2/fsadmet/utils/std_logger.py][INFO] - downstream task aucs: [0.7664]
[2024-12-02 21:12:29,924][/root/codes/MolFeSCue-master-2/fsadmet/utils/std_logger.py][INFO] - mean downstream task mean auc、f1、pr_auc: 0.7664,0.0818,0.2139
[2024-12-02 21:14:02,257][/root/codes/MolFeSCue-master-2/fsadmet/utils/std_logger.py][INFO] - downstream task aucs: [0.7686]
[2024-12-02 21:14:02,257][/root/codes/MolFeSCue-master-2/fsadmet/utils/std_logger.py][INFO] - mean downstream task mean auc、f1、pr_auc: 0.7686,0.1253,0.1982
[2024-12-02 21:15:35,482][/root/codes/MolFeSCue-master-2/fsadmet/utils/std_logger.py][INFO] - downstream task aucs: [0.7527]
[2024-12-02 21:15:35,486][/root/codes/MolFeSCue-master-2/fsadmet/utils/std_logger.py][INFO] - mean downstream task mean auc、f1、pr_auc: 0.7527,0.0541,0.1754
[2024-12-02 21:17:09,227][/root/codes/MolFeSCue-master-2/fsadmet/utils/std_logger.py][INFO] - downstream task aucs: [0.7669]
[2024-12-02 21:17:09,231][/root/codes/MolFeSCue-master-2/fsadmet/utils/std_logger.py][INFO] - mean downstream task mean auc、f1、pr_auc: 0.7669,0.1449,0.2576
[2024-12-02 21:18:42,732][/root/codes/MolFeSCue-master-2/fsadmet/utils/std_logger.py][INFO] - downstream task aucs: [0.7672]
[2024-12-02 21:18:42,736][/root/codes/MolFeSCue-master-2/fsadmet/utils/std_logger.py][INFO] - mean downstream task mean auc、f1、pr_auc: 0.7672,0.2589,0.2339
[2024-12-02 21:20:15,842][/root/codes/MolFeSCue-master-2/fsadmet/utils/std_logger.py][INFO] - downstream task aucs: [0.7713]
[2024-12-02 21:20:15,842][/root/codes/MolFeSCue-master-2/fsadmet/utils/std_logger.py][INFO] - mean downstream task mean auc、f1、pr_auc: 0.7713,0.0859,0.2332
[2024-12-02 21:21:48,741][/root/codes/MolFeSCue-master-2/fsadmet/utils/std_logger.py][INFO] - downstream task aucs: [0.7685]
[2024-12-02 21:21:48,746][/root/codes/MolFeSCue-master-2/fsadmet/utils/std_logger.py][INFO] - mean downstream task mean auc、f1、pr_auc: 0.7685,0.2173,0.222
[2024-12-02 21:23:20,961][/root/codes/MolFeSCue-master-2/fsadmet/utils/std_logger.py][INFO] - downstream task aucs: [0.7804]
[2024-12-02 21:23:20,961][/root/codes/MolFeSCue-master-2/fsadmet/utils/std_logger.py][INFO] - mean downstream task mean auc、f1、pr_auc: 0.7804,0.1855,0.2523
[2024-12-02 21:24:53,559][/root/codes/MolFeSCue-master-2/fsadmet/utils/std_logger.py][INFO] - downstream task aucs: [0.774]
[2024-12-02 21:24:53,563][/root/codes/MolFeSCue-master-2/fsadmet/utils/std_logger.py][INFO] - mean downstream task mean auc、f1、pr_auc: 0.774,0.1373,0.2266
[2024-12-02 21:26:26,958][/root/codes/MolFeSCue-master-2/fsadmet/utils/std_logger.py][INFO] - downstream task aucs: [0.7738]
[2024-12-02 21:26:26,963][/root/codes/MolFeSCue-master-2/fsadmet/utils/std_logger.py][INFO] - mean downstream task mean auc、f1、pr_auc: 0.7738,0.2457,0.2308
[2024-12-02 21:27:59,863][/root/codes/MolFeSCue-master-2/fsadmet/utils/std_logger.py][INFO] - downstream task aucs: [0.7648]
[2024-12-02 21:27:59,868][/root/codes/MolFeSCue-master-2/fsadmet/utils/std_logger.py][INFO] - mean downstream task mean auc、f1、pr_auc: 0.7648,0.0806,0.2399
[2024-12-02 21:29:32,051][/root/codes/MolFeSCue-master-2/fsadmet/utils/std_logger.py][INFO] - downstream task aucs: [0.7648]
[2024-12-02 21:29:32,052][/root/codes/MolFeSCue-master-2/fsadmet/utils/std_logger.py][INFO] - mean downstream task mean auc、f1、pr_auc: 0.7648,0.1984,0.2046
[2024-12-02 21:31:06,349][/root/codes/MolFeSCue-master-2/fsadmet/utils/std_logger.py][INFO] - downstream task aucs: [0.7574]
[2024-12-02 21:31:06,353][/root/codes/MolFeSCue-master-2/fsadmet/utils/std_logger.py][INFO] - mean downstream task mean auc、f1、pr_auc: 0.7574,0.1148,0.1839
[2024-12-02 21:32:40,083][/root/codes/MolFeSCue-master-2/fsadmet/utils/std_logger.py][INFO] - downstream task aucs: [0.7661]
[2024-12-02 21:32:40,083][/root/codes/MolFeSCue-master-2/fsadmet/utils/std_logger.py][INFO] - mean downstream task mean auc、f1、pr_auc: 0.7661,0.1522,0.2343
[2024-12-02 21:34:15,052][/root/codes/MolFeSCue-master-2/fsadmet/utils/std_logger.py][INFO] - downstream task aucs: [0.7729]
[2024-12-02 21:34:15,053][/root/codes/MolFeSCue-master-2/fsadmet/utils/std_logger.py][INFO] - mean downstream task mean auc、f1、pr_auc: 0.7729,0.1412,0.2321
[2024-12-02 21:35:48,411][/root/codes/MolFeSCue-master-2/fsadmet/utils/std_logger.py][INFO] - downstream task aucs: [0.7826]
[2024-12-02 21:35:48,412][/root/codes/MolFeSCue-master-2/fsadmet/utils/std_logger.py][INFO] - mean downstream task mean auc、f1、pr_auc: 0.7826,0.2404,0.2528
[2024-12-02 21:37:21,130][/root/codes/MolFeSCue-master-2/fsadmet/utils/std_logger.py][INFO] - downstream task aucs: [0.7839]
[2024-12-02 21:37:21,130][/root/codes/MolFeSCue-master-2/fsadmet/utils/std_logger.py][INFO] - mean downstream task mean auc、f1、pr_auc: 0.7839,0.17,0.2558
[2024-12-02 21:38:55,291][/root/codes/MolFeSCue-master-2/fsadmet/utils/std_logger.py][INFO] - downstream task aucs: [0.7748]
[2024-12-02 21:38:55,295][/root/codes/MolFeSCue-master-2/fsadmet/utils/std_logger.py][INFO] - mean downstream task mean auc、f1、pr_auc: 0.7748,0.2611,0.2132
[2024-12-02 21:40:28,781][/root/codes/MolFeSCue-master-2/fsadmet/utils/std_logger.py][INFO] - downstream task aucs: [0.7686]
[2024-12-02 21:40:28,781][/root/codes/MolFeSCue-master-2/fsadmet/utils/std_logger.py][INFO] - mean downstream task mean auc、f1、pr_auc: 0.7686,0.0844,0.2557
[2024-12-02 21:42:02,937][/root/codes/MolFeSCue-master-2/fsadmet/utils/std_logger.py][INFO] - downstream task aucs: [0.7666]
[2024-12-02 21:42:02,941][/root/codes/MolFeSCue-master-2/fsadmet/utils/std_logger.py][INFO] - mean downstream task mean auc、f1、pr_auc: 0.7666,0.2096,0.2164
[2024-12-02 21:43:36,816][/root/codes/MolFeSCue-master-2/fsadmet/utils/std_logger.py][INFO] - downstream task aucs: [0.7652]
[2024-12-02 21:43:36,820][/root/codes/MolFeSCue-master-2/fsadmet/utils/std_logger.py][INFO] - mean downstream task mean auc、f1、pr_auc: 0.7652,0.166,0.2131
[2024-12-02 21:45:11,290][/root/codes/MolFeSCue-master-2/fsadmet/utils/std_logger.py][INFO] - downstream task aucs: [0.7733]
[2024-12-02 21:45:11,290][/root/codes/MolFeSCue-master-2/fsadmet/utils/std_logger.py][INFO] - mean downstream task mean auc、f1、pr_auc: 0.7733,0.167,0.2019
[2024-12-02 21:46:44,942][/root/codes/MolFeSCue-master-2/fsadmet/utils/std_logger.py][INFO] - downstream task aucs: [0.7773]
[2024-12-02 21:46:44,943][/root/codes/MolFeSCue-master-2/fsadmet/utils/std_logger.py][INFO] - mean downstream task mean auc、f1、pr_auc: 0.7773,0.0907,0.2361
[2024-12-02 21:48:17,757][/root/codes/MolFeSCue-master-2/fsadmet/utils/std_logger.py][INFO] - downstream task aucs: [0.7661]
[2024-12-02 21:48:17,758][/root/codes/MolFeSCue-master-2/fsadmet/utils/std_logger.py][INFO] - mean downstream task mean auc、f1、pr_auc: 0.7661,0.2078,0.2116
[2024-12-02 21:49:52,000][/root/codes/MolFeSCue-master-2/fsadmet/utils/std_logger.py][INFO] - downstream task aucs: [0.7832]
[2024-12-02 21:49:52,000][/root/codes/MolFeSCue-master-2/fsadmet/utils/std_logger.py][INFO] - mean downstream task mean auc、f1、pr_auc: 0.7832,0.2853,0.2449
[2024-12-02 21:51:25,562][/root/codes/MolFeSCue-master-2/fsadmet/utils/std_logger.py][INFO] - downstream task aucs: [0.773]
[2024-12-02 21:51:25,563][/root/codes/MolFeSCue-master-2/fsadmet/utils/std_logger.py][INFO] - mean downstream task mean auc、f1、pr_auc: 0.773,0.0825,0.2419
[2024-12-02 21:52:59,557][/root/codes/MolFeSCue-master-2/fsadmet/utils/std_logger.py][INFO] - downstream task aucs: [0.7845]
[2024-12-02 21:52:59,557][/root/codes/MolFeSCue-master-2/fsadmet/utils/std_logger.py][INFO] - mean downstream task mean auc、f1、pr_auc: 0.7845,0.2816,0.2649
[2024-12-02 21:54:34,304][/root/codes/MolFeSCue-master-2/fsadmet/utils/std_logger.py][INFO] - downstream task aucs: [0.7879]
[2024-12-02 21:54:34,305][/root/codes/MolFeSCue-master-2/fsadmet/utils/std_logger.py][INFO] - mean downstream task mean auc、f1、pr_auc: 0.7879,0.2684,0.2265
[2024-12-02 21:56:08,711][/root/codes/MolFeSCue-master-2/fsadmet/utils/std_logger.py][INFO] - downstream task aucs: [0.7714]
[2024-12-02 21:56:08,711][/root/codes/MolFeSCue-master-2/fsadmet/utils/std_logger.py][INFO] - mean downstream task mean auc、f1、pr_auc: 0.7714,0.1771,0.2034
[2024-12-02 21:57:42,703][/root/codes/MolFeSCue-master-2/fsadmet/utils/std_logger.py][INFO] - downstream task aucs: [0.776]
[2024-12-02 21:57:42,703][/root/codes/MolFeSCue-master-2/fsadmet/utils/std_logger.py][INFO] - mean downstream task mean auc、f1、pr_auc: 0.776,0.2274,0.2116
[2024-12-02 21:59:17,610][/root/codes/MolFeSCue-master-2/fsadmet/utils/std_logger.py][INFO] - downstream task aucs: [0.7753]
[2024-12-02 21:59:17,610][/root/codes/MolFeSCue-master-2/fsadmet/utils/std_logger.py][INFO] - mean downstream task mean auc、f1、pr_auc: 0.7753,0.2487,0.2342
[2024-12-02 22:00:52,179][/root/codes/MolFeSCue-master-2/fsadmet/utils/std_logger.py][INFO] - downstream task aucs: [0.7652]
[2024-12-02 22:00:52,180][/root/codes/MolFeSCue-master-2/fsadmet/utils/std_logger.py][INFO] - mean downstream task mean auc、f1、pr_auc: 0.7652,0.1235,0.2223
[2024-12-02 22:02:26,437][/root/codes/MolFeSCue-master-2/fsadmet/utils/std_logger.py][INFO] - downstream task aucs: [0.7582]
[2024-12-02 22:02:26,437][/root/codes/MolFeSCue-master-2/fsadmet/utils/std_logger.py][INFO] - mean downstream task mean auc、f1、pr_auc: 0.7582,0.2575,0.2434
[2024-12-02 22:04:01,328][/root/codes/MolFeSCue-master-2/fsadmet/utils/std_logger.py][INFO] - downstream task aucs: [0.7678]
[2024-12-02 22:04:01,329][/root/codes/MolFeSCue-master-2/fsadmet/utils/std_logger.py][INFO] - mean downstream task mean auc、f1、pr_auc: 0.7678,0.1586,0.2315
[2024-12-02 22:05:35,287][/root/codes/MolFeSCue-master-2/fsadmet/utils/std_logger.py][INFO] - downstream task aucs: [0.7721]
[2024-12-02 22:05:35,287][/root/codes/MolFeSCue-master-2/fsadmet/utils/std_logger.py][INFO] - mean downstream task mean auc、f1、pr_auc: 0.7721,0.2836,0.2217
[2024-12-02 22:07:10,058][/root/codes/MolFeSCue-master-2/fsadmet/utils/std_logger.py][INFO] - downstream task aucs: [0.768]
[2024-12-02 22:07:10,059][/root/codes/MolFeSCue-master-2/fsadmet/utils/std_logger.py][INFO] - mean downstream task mean auc、f1、pr_auc: 0.768,0.1714,0.2421
[2024-12-02 22:08:44,958][/root/codes/MolFeSCue-master-2/fsadmet/utils/std_logger.py][INFO] - downstream task aucs: [0.7548]
[2024-12-02 22:08:44,958][/root/codes/MolFeSCue-master-2/fsadmet/utils/std_logger.py][INFO] - mean downstream task mean auc、f1、pr_auc: 0.7548,0.1483,0.2199
[2024-12-02 22:10:19,798][/root/codes/MolFeSCue-master-2/fsadmet/utils/std_logger.py][INFO] - downstream task aucs: [0.7569]
[2024-12-02 22:10:19,798][/root/codes/MolFeSCue-master-2/fsadmet/utils/std_logger.py][INFO] - mean downstream task mean auc、f1、pr_auc: 0.7569,0.1555,0.1959
[2024-12-02 22:11:53,576][/root/codes/MolFeSCue-master-2/fsadmet/utils/std_logger.py][INFO] - downstream task aucs: [0.7616]
[2024-12-02 22:11:53,577][/root/codes/MolFeSCue-master-2/fsadmet/utils/std_logger.py][INFO] - mean downstream task mean auc、f1、pr_auc: 0.7616,0.1195,0.1955
[2024-12-02 22:13:28,531][/root/codes/MolFeSCue-master-2/fsadmet/utils/std_logger.py][INFO] - downstream task aucs: [0.7775]
[2024-12-02 22:13:28,532][/root/codes/MolFeSCue-master-2/fsadmet/utils/std_logger.py][INFO] - mean downstream task mean auc、f1、pr_auc: 0.7775,0.2545,0.2358
[2024-12-02 22:15:03,080][/root/codes/MolFeSCue-master-2/fsadmet/utils/std_logger.py][INFO] - downstream task aucs: [0.7485]
[2024-12-02 22:15:03,080][/root/codes/MolFeSCue-master-2/fsadmet/utils/std_logger.py][INFO] - mean downstream task mean auc、f1、pr_auc: 0.7485,0.2022,0.2019
[2024-12-02 22:16:36,707][/root/codes/MolFeSCue-master-2/fsadmet/utils/std_logger.py][INFO] - downstream task aucs: [0.7773]
[2024-12-02 22:16:36,707][/root/codes/MolFeSCue-master-2/fsadmet/utils/std_logger.py][INFO] - mean downstream task mean auc、f1、pr_auc: 0.7773,0.2312,0.2412
[2024-12-02 22:18:10,375][/root/codes/MolFeSCue-master-2/fsadmet/utils/std_logger.py][INFO] - downstream task aucs: [0.7428]
[2024-12-02 22:18:10,375][/root/codes/MolFeSCue-master-2/fsadmet/utils/std_logger.py][INFO] - mean downstream task mean auc、f1、pr_auc: 0.7428,0.0728,0.1863
[2024-12-02 22:19:44,341][/root/codes/MolFeSCue-master-2/fsadmet/utils/std_logger.py][INFO] - downstream task aucs: [0.7775]
[2024-12-02 22:19:44,342][/root/codes/MolFeSCue-master-2/fsadmet/utils/std_logger.py][INFO] - mean downstream task mean auc、f1、pr_auc: 0.7775,0.1609,0.2433
[2024-12-02 22:21:18,276][/root/codes/MolFeSCue-master-2/fsadmet/utils/std_logger.py][INFO] - downstream task aucs: [0.7717]
[2024-12-02 22:21:18,276][/root/codes/MolFeSCue-master-2/fsadmet/utils/std_logger.py][INFO] - mean downstream task mean auc、f1、pr_auc: 0.7717,0.2432,0.2517
[2024-12-02 22:22:51,508][/root/codes/MolFeSCue-master-2/fsadmet/utils/std_logger.py][INFO] - downstream task aucs: [0.7818]
[2024-12-02 22:22:51,508][/root/codes/MolFeSCue-master-2/fsadmet/utils/std_logger.py][INFO] - mean downstream task mean auc、f1、pr_auc: 0.7818,0.3009,0.271
[2024-12-02 22:24:25,221][/root/codes/MolFeSCue-master-2/fsadmet/utils/std_logger.py][INFO] - downstream task aucs: [0.7678]
[2024-12-02 22:24:25,222][/root/codes/MolFeSCue-master-2/fsadmet/utils/std_logger.py][INFO] - mean downstream task mean auc、f1、pr_auc: 0.7678,0.167,0.226
[2024-12-02 22:25:59,656][/root/codes/MolFeSCue-master-2/fsadmet/utils/std_logger.py][INFO] - downstream task aucs: [0.7756]
[2024-12-02 22:25:59,657][/root/codes/MolFeSCue-master-2/fsadmet/utils/std_logger.py][INFO] - mean downstream task mean auc、f1、pr_auc: 0.7756,0.223,0.217
[2024-12-02 22:27:34,966][/root/codes/MolFeSCue-master-2/fsadmet/utils/std_logger.py][INFO] - downstream task aucs: [0.7636]
[2024-12-02 22:27:34,966][/root/codes/MolFeSCue-master-2/fsadmet/utils/std_logger.py][INFO] - mean downstream task mean auc、f1、pr_auc: 0.7636,0.097,0.1796
[2024-12-02 22:29:09,227][/root/codes/MolFeSCue-master-2/fsadmet/utils/std_logger.py][INFO] - downstream task aucs: [0.7634]
[2024-12-02 22:29:09,227][/root/codes/MolFeSCue-master-2/fsadmet/utils/std_logger.py][INFO] - mean downstream task mean auc、f1、pr_auc: 0.7634,0.2679,0.2397
[2024-12-02 22:30:44,331][/root/codes/MolFeSCue-master-2/fsadmet/utils/std_logger.py][INFO] - downstream task aucs: [0.7801]
[2024-12-02 22:30:44,331][/root/codes/MolFeSCue-master-2/fsadmet/utils/std_logger.py][INFO] - mean downstream task mean auc、f1、pr_auc: 0.7801,0.2122,0.2528
[2024-12-02 22:32:20,310][/root/codes/MolFeSCue-master-2/fsadmet/utils/std_logger.py][INFO] - downstream task aucs: [0.7721]
[2024-12-02 22:32:20,311][/root/codes/MolFeSCue-master-2/fsadmet/utils/std_logger.py][INFO] - mean downstream task mean auc、f1、pr_auc: 0.7721,0.1933,0.2433
[2024-12-02 22:33:54,844][/root/codes/MolFeSCue-master-2/fsadmet/utils/std_logger.py][INFO] - downstream task aucs: [0.7811]
[2024-12-02 22:33:54,844][/root/codes/MolFeSCue-master-2/fsadmet/utils/std_logger.py][INFO] - mean downstream task mean auc、f1、pr_auc: 0.7811,0.1486,0.2406
[2024-12-02 22:35:29,498][/root/codes/MolFeSCue-master-2/fsadmet/utils/std_logger.py][INFO] - downstream task aucs: [0.7599]
[2024-12-02 22:35:29,502][/root/codes/MolFeSCue-master-2/fsadmet/utils/std_logger.py][INFO] - mean downstream task mean auc、f1、pr_auc: 0.7599,0.2853,0.2372
[2024-12-02 22:37:03,901][/root/codes/MolFeSCue-master-2/fsadmet/utils/std_logger.py][INFO] - downstream task aucs: [0.7656]
[2024-12-02 22:37:03,902][/root/codes/MolFeSCue-master-2/fsadmet/utils/std_logger.py][INFO] - mean downstream task mean auc、f1、pr_auc: 0.7656,0.0746,0.2256
[2024-12-02 22:38:39,192][/root/codes/MolFeSCue-master-2/fsadmet/utils/std_logger.py][INFO] - downstream task aucs: [0.7664]
[2024-12-02 22:38:39,192][/root/codes/MolFeSCue-master-2/fsadmet/utils/std_logger.py][INFO] - mean downstream task mean auc、f1、pr_auc: 0.7664,0.1788,0.1878
[2024-12-02 22:40:15,564][/root/codes/MolFeSCue-master-2/fsadmet/utils/std_logger.py][INFO] - downstream task aucs: [0.7659]
[2024-12-02 22:40:15,565][/root/codes/MolFeSCue-master-2/fsadmet/utils/std_logger.py][INFO] - mean downstream task mean auc、f1、pr_auc: 0.7659,0.1119,0.1999
[2024-12-02 22:41:51,486][/root/codes/MolFeSCue-master-2/fsadmet/utils/std_logger.py][INFO] - downstream task aucs: [0.7495]
[2024-12-02 22:41:51,487][/root/codes/MolFeSCue-master-2/fsadmet/utils/std_logger.py][INFO] - mean downstream task mean auc、f1、pr_auc: 0.7495,0.2257,0.2246
[2024-12-02 22:43:27,493][/root/codes/MolFeSCue-master-2/fsadmet/utils/std_logger.py][INFO] - downstream task aucs: [0.7632]
[2024-12-02 22:43:27,497][/root/codes/MolFeSCue-master-2/fsadmet/utils/std_logger.py][INFO] - mean downstream task mean auc、f1、pr_auc: 0.7632,0.1903,0.2126
[2024-12-02 22:45:03,676][/root/codes/MolFeSCue-master-2/fsadmet/utils/std_logger.py][INFO] - downstream task aucs: [0.7666]
[2024-12-02 22:45:03,677][/root/codes/MolFeSCue-master-2/fsadmet/utils/std_logger.py][INFO] - mean downstream task mean auc、f1、pr_auc: 0.7666,0.2069,0.2105
[2024-12-02 22:46:39,037][/root/codes/MolFeSCue-master-2/fsadmet/utils/std_logger.py][INFO] - downstream task aucs: [0.776]
[2024-12-02 22:46:39,038][/root/codes/MolFeSCue-master-2/fsadmet/utils/std_logger.py][INFO] - mean downstream task mean auc、f1、pr_auc: 0.776,0.1921,0.2441
[2024-12-02 22:48:14,794][/root/codes/MolFeSCue-master-2/fsadmet/utils/std_logger.py][INFO] - downstream task aucs: [0.7528]
[2024-12-02 22:48:14,795][/root/codes/MolFeSCue-master-2/fsadmet/utils/std_logger.py][INFO] - mean downstream task mean auc、f1、pr_auc: 0.7528,0.2622,0.2032
[2024-12-02 22:49:49,837][/root/codes/MolFeSCue-master-2/fsadmet/utils/std_logger.py][INFO] - downstream task aucs: [0.7675]
[2024-12-02 22:49:49,837][/root/codes/MolFeSCue-master-2/fsadmet/utils/std_logger.py][INFO] - mean downstream task mean auc、f1、pr_auc: 0.7675,0.1247,0.1966
[2024-12-02 22:51:24,951][/root/codes/MolFeSCue-master-2/fsadmet/utils/std_logger.py][INFO] - downstream task aucs: [0.7709]
[2024-12-02 22:51:24,951][/root/codes/MolFeSCue-master-2/fsadmet/utils/std_logger.py][INFO] - mean downstream task mean auc、f1、pr_auc: 0.7709,0.2549,0.1851
[2024-12-02 22:53:00,628][/root/codes/MolFeSCue-master-2/fsadmet/utils/std_logger.py][INFO] - downstream task aucs: [0.7627]
[2024-12-02 22:53:00,628][/root/codes/MolFeSCue-master-2/fsadmet/utils/std_logger.py][INFO] - mean downstream task mean auc、f1、pr_auc: 0.7627,0.1131,0.1843
[2024-12-02 22:54:37,850][/root/codes/MolFeSCue-master-2/fsadmet/utils/std_logger.py][INFO] - downstream task aucs: [0.7748]
[2024-12-02 22:54:37,851][/root/codes/MolFeSCue-master-2/fsadmet/utils/std_logger.py][INFO] - mean downstream task mean auc、f1、pr_auc: 0.7748,0.2664,0.2186
[2024-12-02 22:56:14,237][/root/codes/MolFeSCue-master-2/fsadmet/utils/std_logger.py][INFO] - downstream task aucs: [0.7617]
[2024-12-02 22:56:14,241][/root/codes/MolFeSCue-master-2/fsadmet/utils/std_logger.py][INFO] - mean downstream task mean auc、f1、pr_auc: 0.7617,0.1542,0.2183
[2024-12-02 22:57:50,740][/root/codes/MolFeSCue-master-2/fsadmet/utils/std_logger.py][INFO] - downstream task aucs: [0.7474]
[2024-12-02 22:57:50,744][/root/codes/MolFeSCue-master-2/fsadmet/utils/std_logger.py][INFO] - mean downstream task mean auc、f1、pr_auc: 0.7474,0.1518,0.1981
[2024-12-02 22:59:26,459][/root/codes/MolFeSCue-master-2/fsadmet/utils/std_logger.py][INFO] - downstream task aucs: [0.7772]
[2024-12-02 22:59:26,460][/root/codes/MolFeSCue-master-2/fsadmet/utils/std_logger.py][INFO] - mean downstream task mean auc、f1、pr_auc: 0.7772,0.2381,0.2375
[2024-12-02 23:01:02,529][/root/codes/MolFeSCue-master-2/fsadmet/utils/std_logger.py][INFO] - downstream task aucs: [0.7601]
[2024-12-02 23:01:02,533][/root/codes/MolFeSCue-master-2/fsadmet/utils/std_logger.py][INFO] - mean downstream task mean auc、f1、pr_auc: 0.7601,0.2029,0.2167
[2024-12-02 23:02:37,838][/root/codes/MolFeSCue-master-2/fsadmet/utils/std_logger.py][INFO] - downstream task aucs: [0.7649]
[2024-12-02 23:02:37,839][/root/codes/MolFeSCue-master-2/fsadmet/utils/std_logger.py][INFO] - mean downstream task mean auc、f1、pr_auc: 0.7649,0.1111,0.209
[2024-12-02 23:04:14,023][/root/codes/MolFeSCue-master-2/fsadmet/utils/std_logger.py][INFO] - downstream task aucs: [0.7648]
[2024-12-02 23:04:14,028][/root/codes/MolFeSCue-master-2/fsadmet/utils/std_logger.py][INFO] - mean downstream task mean auc、f1、pr_auc: 0.7648,0.1641,0.232
[2024-12-02 23:05:50,607][/root/codes/MolFeSCue-master-2/fsadmet/utils/std_logger.py][INFO] - downstream task aucs: [0.7765]
[2024-12-02 23:05:50,611][/root/codes/MolFeSCue-master-2/fsadmet/utils/std_logger.py][INFO] - mean downstream task mean auc、f1、pr_auc: 0.7765,0.2214,0.215
[2024-12-02 23:07:27,066][/root/codes/MolFeSCue-master-2/fsadmet/utils/std_logger.py][INFO] - downstream task aucs: [0.7651]
[2024-12-02 23:07:27,066][/root/codes/MolFeSCue-master-2/fsadmet/utils/std_logger.py][INFO] - mean downstream task mean auc、f1、pr_auc: 0.7651,0.1316,0.1991
[2024-12-02 23:09:05,302][/root/codes/MolFeSCue-master-2/fsadmet/utils/std_logger.py][INFO] - downstream task aucs: [0.7549]
[2024-12-02 23:09:05,308][/root/codes/MolFeSCue-master-2/fsadmet/utils/std_logger.py][INFO] - mean downstream task mean auc、f1、pr_auc: 0.7549,0.0557,0.1596
[2024-12-02 23:11:02,626][/root/codes/MolFeSCue-master-2/fsadmet/utils/std_logger.py][INFO] - downstream task aucs: [0.7746]
[2024-12-02 23:11:02,648][/root/codes/MolFeSCue-master-2/fsadmet/utils/std_logger.py][INFO] - mean downstream task mean auc、f1、pr_auc: 0.7746,0.2416,0.2284
[2024-12-02 23:12:40,216][/root/codes/MolFeSCue-master-2/fsadmet/utils/std_logger.py][INFO] - downstream task aucs: [0.756]
[2024-12-02 23:12:40,216][/root/codes/MolFeSCue-master-2/fsadmet/utils/std_logger.py][INFO] - mean downstream task mean auc、f1、pr_auc: 0.756,0.0504,0.1809
[2024-12-02 23:14:16,999][/root/codes/MolFeSCue-master-2/fsadmet/utils/std_logger.py][INFO] - downstream task aucs: [0.7666]
[2024-12-02 23:14:17,003][/root/codes/MolFeSCue-master-2/fsadmet/utils/std_logger.py][INFO] - mean downstream task mean auc、f1、pr_auc: 0.7666,0.1518,0.2223
[2024-12-02 23:15:54,557][/root/codes/MolFeSCue-master-2/fsadmet/utils/std_logger.py][INFO] - downstream task aucs: [0.786]
[2024-12-02 23:15:54,558][/root/codes/MolFeSCue-master-2/fsadmet/utils/std_logger.py][INFO] - mean downstream task mean auc、f1、pr_auc: 0.786,0.3056,0.2334
[2024-12-02 23:17:31,098][/root/codes/MolFeSCue-master-2/fsadmet/utils/std_logger.py][INFO] - downstream task aucs: [0.7813]
[2024-12-02 23:17:31,099][/root/codes/MolFeSCue-master-2/fsadmet/utils/std_logger.py][INFO] - mean downstream task mean auc、f1、pr_auc: 0.7813,0.2567,0.2489
[2024-12-02 23:19:09,549][/root/codes/MolFeSCue-master-2/fsadmet/utils/std_logger.py][INFO] - downstream task aucs: [0.7483]
[2024-12-02 23:19:09,553][/root/codes/MolFeSCue-master-2/fsadmet/utils/std_logger.py][INFO] - mean downstream task mean auc、f1、pr_auc: 0.7483,0.1239,0.1886
[2024-12-02 23:20:48,022][/root/codes/MolFeSCue-master-2/fsadmet/utils/std_logger.py][INFO] - downstream task aucs: [0.7749]
[2024-12-02 23:20:48,023][/root/codes/MolFeSCue-master-2/fsadmet/utils/std_logger.py][INFO] - mean downstream task mean auc、f1、pr_auc: 0.7749,0.2035,0.2147
[2024-12-02 23:22:26,323][/root/codes/MolFeSCue-master-2/fsadmet/utils/std_logger.py][INFO] - downstream task aucs: [0.7697]
[2024-12-02 23:22:26,324][/root/codes/MolFeSCue-master-2/fsadmet/utils/std_logger.py][INFO] - mean downstream task mean auc、f1、pr_auc: 0.7697,0.1905,0.2228
[2024-12-02 23:24:03,920][/root/codes/MolFeSCue-master-2/fsadmet/utils/std_logger.py][INFO] - downstream task aucs: [0.7692]
[2024-12-02 23:24:03,924][/root/codes/MolFeSCue-master-2/fsadmet/utils/std_logger.py][INFO] - mean downstream task mean auc、f1、pr_auc: 0.7692,0.1602,0.191
[2024-12-02 23:25:42,887][/root/codes/MolFeSCue-master-2/fsadmet/utils/std_logger.py][INFO] - downstream task aucs: [0.772]
[2024-12-02 23:25:42,889][/root/codes/MolFeSCue-master-2/fsadmet/utils/std_logger.py][INFO] - mean downstream task mean auc、f1、pr_auc: 0.772,0.2568,0.1988
[2024-12-02 23:27:22,243][/root/codes/MolFeSCue-master-2/fsadmet/utils/std_logger.py][INFO] - downstream task aucs: [0.7743]
[2024-12-02 23:27:22,264][/root/codes/MolFeSCue-master-2/fsadmet/utils/std_logger.py][INFO] - mean downstream task mean auc、f1、pr_auc: 0.7743,0.1185,0.1979
[2024-12-02 23:28:59,939][/root/codes/MolFeSCue-master-2/fsadmet/utils/std_logger.py][INFO] - downstream task aucs: [0.7611]
[2024-12-02 23:28:59,943][/root/codes/MolFeSCue-master-2/fsadmet/utils/std_logger.py][INFO] - mean downstream task mean auc、f1、pr_auc: 0.7611,0.1972,0.2034
[2024-12-02 23:30:38,171][/root/codes/MolFeSCue-master-2/fsadmet/utils/std_logger.py][INFO] - downstream task aucs: [0.7491]
[2024-12-02 23:30:38,171][/root/codes/MolFeSCue-master-2/fsadmet/utils/std_logger.py][INFO] - mean downstream task mean auc、f1、pr_auc: 0.7491,0.145,0.1548
[2024-12-02 23:32:16,742][/root/codes/MolFeSCue-master-2/fsadmet/utils/std_logger.py][INFO] - downstream task aucs: [0.7609]
[2024-12-02 23:32:16,747][/root/codes/MolFeSCue-master-2/fsadmet/utils/std_logger.py][INFO] - mean downstream task mean auc、f1、pr_auc: 0.7609,0.1989,0.2246
[2024-12-02 23:33:54,224][/root/codes/MolFeSCue-master-2/fsadmet/utils/std_logger.py][INFO] - downstream task aucs: [0.7651]
[2024-12-02 23:33:54,225][/root/codes/MolFeSCue-master-2/fsadmet/utils/std_logger.py][INFO] - mean downstream task mean auc、f1、pr_auc: 0.7651,0.2315,0.2163
[2024-12-02 23:35:32,053][/root/codes/MolFeSCue-master-2/fsadmet/utils/std_logger.py][INFO] - downstream task aucs: [0.7606]
[2024-12-02 23:35:32,075][/root/codes/MolFeSCue-master-2/fsadmet/utils/std_logger.py][INFO] - mean downstream task mean auc、f1、pr_auc: 0.7606,0.1285,0.1808
[2024-12-02 23:37:11,654][/root/codes/MolFeSCue-master-2/fsadmet/utils/std_logger.py][INFO] - downstream task aucs: [0.7692]
[2024-12-02 23:37:11,655][/root/codes/MolFeSCue-master-2/fsadmet/utils/std_logger.py][INFO] - mean downstream task mean auc、f1、pr_auc: 0.7692,0.1976,0.222
[2024-12-02 23:38:50,038][/root/codes/MolFeSCue-master-2/fsadmet/utils/std_logger.py][INFO] - downstream task aucs: [0.7527]
[2024-12-02 23:38:50,042][/root/codes/MolFeSCue-master-2/fsadmet/utils/std_logger.py][INFO] - mean downstream task mean auc、f1、pr_auc: 0.7527,0.0743,0.1735
[2024-12-02 23:40:29,138][/root/codes/MolFeSCue-master-2/fsadmet/utils/std_logger.py][INFO] - downstream task aucs: [0.7679]
[2024-12-02 23:40:29,139][/root/codes/MolFeSCue-master-2/fsadmet/utils/std_logger.py][INFO] - mean downstream task mean auc、f1、pr_auc: 0.7679,0.2226,0.2132
[2024-12-02 23:42:07,237][/root/codes/MolFeSCue-master-2/fsadmet/utils/std_logger.py][INFO] - downstream task aucs: [0.7567]
[2024-12-02 23:42:07,242][/root/codes/MolFeSCue-master-2/fsadmet/utils/std_logger.py][INFO] - mean downstream task mean auc、f1、pr_auc: 0.7567,0.2215,0.2091
[2024-12-02 23:43:46,163][/root/codes/MolFeSCue-master-2/fsadmet/utils/std_logger.py][INFO] - downstream task aucs: [0.7671]
[2024-12-02 23:43:46,163][/root/codes/MolFeSCue-master-2/fsadmet/utils/std_logger.py][INFO] - mean downstream task mean auc、f1、pr_auc: 0.7671,0.1356,0.1798
[2024-12-02 23:45:24,728][/root/codes/MolFeSCue-master-2/fsadmet/utils/std_logger.py][INFO] - downstream task aucs: [0.7636]
[2024-12-02 23:45:24,749][/root/codes/MolFeSCue-master-2/fsadmet/utils/std_logger.py][INFO] - mean downstream task mean auc、f1、pr_auc: 0.7636,0.2034,0.1865
[2024-12-02 23:47:03,545][/root/codes/MolFeSCue-master-2/fsadmet/utils/std_logger.py][INFO] - downstream task aucs: [0.7323]
[2024-12-02 23:47:03,546][/root/codes/MolFeSCue-master-2/fsadmet/utils/std_logger.py][INFO] - mean downstream task mean auc、f1、pr_auc: 0.7323,0.0973,0.1694
[2024-12-02 23:48:42,329][/root/codes/MolFeSCue-master-2/fsadmet/utils/std_logger.py][INFO] - downstream task aucs: [0.7673]
[2024-12-02 23:48:42,333][/root/codes/MolFeSCue-master-2/fsadmet/utils/std_logger.py][INFO] - mean downstream task mean auc、f1、pr_auc: 0.7673,0.1563,0.1812
[2024-12-02 23:50:21,895][/root/codes/MolFeSCue-master-2/fsadmet/utils/std_logger.py][INFO] - downstream task aucs: [0.7563]
[2024-12-02 23:50:21,896][/root/codes/MolFeSCue-master-2/fsadmet/utils/std_logger.py][INFO] - mean downstream task mean auc、f1、pr_auc: 0.7563,0.1957,0.183
[2024-12-02 23:51:59,288][/root/codes/MolFeSCue-master-2/fsadmet/utils/std_logger.py][INFO] - downstream task aucs: [0.7522]
[2024-12-02 23:51:59,289][/root/codes/MolFeSCue-master-2/fsadmet/utils/std_logger.py][INFO] - mean downstream task mean auc、f1、pr_auc: 0.7522,0.1873,0.2228
[2024-12-02 23:53:38,397][/root/codes/MolFeSCue-master-2/fsadmet/utils/std_logger.py][INFO] - downstream task aucs: [0.7698]
[2024-12-02 23:53:38,398][/root/codes/MolFeSCue-master-2/fsadmet/utils/std_logger.py][INFO] - mean downstream task mean auc、f1、pr_auc: 0.7698,0.1718,0.1853
[2024-12-02 23:55:18,410][/root/codes/MolFeSCue-master-2/fsadmet/utils/std_logger.py][INFO] - downstream task aucs: [0.7614]
[2024-12-02 23:55:18,411][/root/codes/MolFeSCue-master-2/fsadmet/utils/std_logger.py][INFO] - mean downstream task mean auc、f1、pr_auc: 0.7614,0.166,0.2049
[2024-12-02 23:56:57,658][/root/codes/MolFeSCue-master-2/fsadmet/utils/std_logger.py][INFO] - downstream task aucs: [0.7509]
[2024-12-02 23:56:57,663][/root/codes/MolFeSCue-master-2/fsadmet/utils/std_logger.py][INFO] - mean downstream task mean auc、f1、pr_auc: 0.7509,0.2023,0.2057
[2024-12-02 23:58:37,069][/root/codes/MolFeSCue-master-2/fsadmet/utils/std_logger.py][INFO] - downstream task aucs: [0.7674]
[2024-12-02 23:58:37,070][/root/codes/MolFeSCue-master-2/fsadmet/utils/std_logger.py][INFO] - mean downstream task mean auc、f1、pr_auc: 0.7674,0.1804,0.1997
[2024-12-03 00:00:15,540][/root/codes/MolFeSCue-master-2/fsadmet/utils/std_logger.py][INFO] - downstream task aucs: [0.7612]
[2024-12-03 00:00:15,544][/root/codes/MolFeSCue-master-2/fsadmet/utils/std_logger.py][INFO] - mean downstream task mean auc、f1、pr_auc: 0.7612,0.2366,0.215
[2024-12-03 00:01:54,587][/root/codes/MolFeSCue-master-2/fsadmet/utils/std_logger.py][INFO] - downstream task aucs: [0.7724]
[2024-12-03 00:01:54,587][/root/codes/MolFeSCue-master-2/fsadmet/utils/std_logger.py][INFO] - mean downstream task mean auc、f1、pr_auc: 0.7724,0.1208,0.2203
[2024-12-03 00:03:33,880][/root/codes/MolFeSCue-master-2/fsadmet/utils/std_logger.py][INFO] - downstream task aucs: [0.7561]
[2024-12-03 00:03:33,881][/root/codes/MolFeSCue-master-2/fsadmet/utils/std_logger.py][INFO] - mean downstream task mean auc、f1、pr_auc: 0.7561,0.1187,0.1925
[2024-12-03 00:05:14,522][/root/codes/MolFeSCue-master-2/fsadmet/utils/std_logger.py][INFO] - downstream task aucs: [0.7624]
[2024-12-03 00:05:14,522][/root/codes/MolFeSCue-master-2/fsadmet/utils/std_logger.py][INFO] - mean downstream task mean auc、f1、pr_auc: 0.7624,0.227,0.2053
[2024-12-03 00:06:53,621][/root/codes/MolFeSCue-master-2/fsadmet/utils/std_logger.py][INFO] - downstream task aucs: [0.7644]
[2024-12-03 00:06:53,625][/root/codes/MolFeSCue-master-2/fsadmet/utils/std_logger.py][INFO] - mean downstream task mean auc、f1、pr_auc: 0.7644,0.1475,0.1853
[2024-12-03 00:08:32,462][/root/codes/MolFeSCue-master-2/fsadmet/utils/std_logger.py][INFO] - downstream task aucs: [0.7559]
[2024-12-03 00:08:32,484][/root/codes/MolFeSCue-master-2/fsadmet/utils/std_logger.py][INFO] - mean downstream task mean auc、f1、pr_auc: 0.7559,0.1856,0.166
[2024-12-03 00:10:11,503][/root/codes/MolFeSCue-master-2/fsadmet/utils/std_logger.py][INFO] - downstream task aucs: [0.7563]
[2024-12-03 00:10:11,504][/root/codes/MolFeSCue-master-2/fsadmet/utils/std_logger.py][INFO] - mean downstream task mean auc、f1、pr_auc: 0.7563,0.1216,0.1906
[2024-12-03 00:11:48,925][/root/codes/MolFeSCue-master-2/fsadmet/utils/std_logger.py][INFO] - downstream task aucs: [0.751]
[2024-12-03 00:11:48,926][/root/codes/MolFeSCue-master-2/fsadmet/utils/std_logger.py][INFO] - mean downstream task mean auc、f1、pr_auc: 0.751,0.1688,0.1607
[2024-12-03 00:13:28,593][/root/codes/MolFeSCue-master-2/fsadmet/utils/std_logger.py][INFO] - downstream task aucs: [0.7239]
[2024-12-03 00:13:28,614][/root/codes/MolFeSCue-master-2/fsadmet/utils/std_logger.py][INFO] - mean downstream task mean auc、f1、pr_auc: 0.7239,0.0536,0.2006
[2024-12-03 00:15:07,568][/root/codes/MolFeSCue-master-2/fsadmet/utils/std_logger.py][INFO] - downstream task aucs: [0.7583]
[2024-12-03 00:15:07,573][/root/codes/MolFeSCue-master-2/fsadmet/utils/std_logger.py][INFO] - mean downstream task mean auc、f1、pr_auc: 0.7583,0.0983,0.1703
[2024-12-03 00:16:46,078][/root/codes/MolFeSCue-master-2/fsadmet/utils/std_logger.py][INFO] - downstream task aucs: [0.762]
[2024-12-03 00:16:46,079][/root/codes/MolFeSCue-master-2/fsadmet/utils/std_logger.py][INFO] - mean downstream task mean auc、f1、pr_auc: 0.762,0.1362,0.2041
[2024-12-03 00:18:25,392][/root/codes/MolFeSCue-master-2/fsadmet/utils/std_logger.py][INFO] - downstream task aucs: [0.7602]
[2024-12-03 00:18:25,396][/root/codes/MolFeSCue-master-2/fsadmet/utils/std_logger.py][INFO] - mean downstream task mean auc、f1、pr_auc: 0.7602,0.1109,0.1572
[2024-12-03 00:20:06,085][/root/codes/MolFeSCue-master-2/fsadmet/utils/std_logger.py][INFO] - downstream task aucs: [0.7668]
[2024-12-03 00:20:06,085][/root/codes/MolFeSCue-master-2/fsadmet/utils/std_logger.py][INFO] - mean downstream task mean auc、f1、pr_auc: 0.7668,0.1542,0.227
[2024-12-03 00:21:44,856][/root/codes/MolFeSCue-master-2/fsadmet/utils/std_logger.py][INFO] - downstream task aucs: [0.765]
[2024-12-03 00:21:44,857][/root/codes/MolFeSCue-master-2/fsadmet/utils/std_logger.py][INFO] - mean downstream task mean auc、f1、pr_auc: 0.765,0.1053,0.2023
[2024-12-03 00:23:24,167][/root/codes/MolFeSCue-master-2/fsadmet/utils/std_logger.py][INFO] - downstream task aucs: [0.7669]
[2024-12-03 00:23:24,169][/root/codes/MolFeSCue-master-2/fsadmet/utils/std_logger.py][INFO] - mean downstream task mean auc、f1、pr_auc: 0.7669,0.2311,0.1877
[2024-12-03 00:25:02,034][/root/codes/MolFeSCue-master-2/fsadmet/utils/std_logger.py][INFO] - downstream task aucs: [0.7751]
[2024-12-03 00:25:02,038][/root/codes/MolFeSCue-master-2/fsadmet/utils/std_logger.py][INFO] - mean downstream task mean auc、f1、pr_auc: 0.7751,0.0978,0.2017
[2024-12-03 00:26:40,059][/root/codes/MolFeSCue-master-2/fsadmet/utils/std_logger.py][INFO] - downstream task aucs: [0.763]
[2024-12-03 00:26:40,060][/root/codes/MolFeSCue-master-2/fsadmet/utils/std_logger.py][INFO] - mean downstream task mean auc、f1、pr_auc: 0.763,0.1532,0.2248
[2024-12-03 00:28:19,701][/root/codes/MolFeSCue-master-2/fsadmet/utils/std_logger.py][INFO] - downstream task aucs: [0.7615]
[2024-12-03 00:28:19,705][/root/codes/MolFeSCue-master-2/fsadmet/utils/std_logger.py][INFO] - mean downstream task mean auc、f1、pr_auc: 0.7615,0.2305,0.2164
[2024-12-03 00:29:58,442][/root/codes/MolFeSCue-master-2/fsadmet/utils/std_logger.py][INFO] - downstream task aucs: [0.7694]
[2024-12-03 00:29:58,463][/root/codes/MolFeSCue-master-2/fsadmet/utils/std_logger.py][INFO] - mean downstream task mean auc、f1、pr_auc: 0.7694,0.188,0.2332
[2024-12-03 00:31:36,874][/root/codes/MolFeSCue-master-2/fsadmet/utils/std_logger.py][INFO] - downstream task aucs: [0.77]
[2024-12-03 00:31:36,878][/root/codes/MolFeSCue-master-2/fsadmet/utils/std_logger.py][INFO] - mean downstream task mean auc、f1、pr_auc: 0.77,0.3009,0.2393
[2024-12-03 00:33:14,734][/root/codes/MolFeSCue-master-2/fsadmet/utils/std_logger.py][INFO] - downstream task aucs: [0.7567]
[2024-12-03 00:33:14,734][/root/codes/MolFeSCue-master-2/fsadmet/utils/std_logger.py][INFO] - mean downstream task mean auc、f1、pr_auc: 0.7567,0.1948,0.1818
[2024-12-03 00:34:53,727][/root/codes/MolFeSCue-master-2/fsadmet/utils/std_logger.py][INFO] - downstream task aucs: [0.7596]
[2024-12-03 00:34:53,731][/root/codes/MolFeSCue-master-2/fsadmet/utils/std_logger.py][INFO] - mean downstream task mean auc、f1、pr_auc: 0.7596,0.1772,0.2247
[2024-12-03 00:36:32,811][/root/codes/MolFeSCue-master-2/fsadmet/utils/std_logger.py][INFO] - downstream task aucs: [0.7596]
[2024-12-03 00:36:32,811][/root/codes/MolFeSCue-master-2/fsadmet/utils/std_logger.py][INFO] - mean downstream task mean auc、f1、pr_auc: 0.7596,0.2175,0.1839
[2024-12-03 00:38:10,830][/root/codes/MolFeSCue-master-2/fsadmet/utils/std_logger.py][INFO] - downstream task aucs: [0.768]
[2024-12-03 00:38:10,831][/root/codes/MolFeSCue-master-2/fsadmet/utils/std_logger.py][INFO] - mean downstream task mean auc、f1、pr_auc: 0.768,0.2075,0.1997
[2024-12-03 00:39:49,460][/root/codes/MolFeSCue-master-2/fsadmet/utils/std_logger.py][INFO] - downstream task aucs: [0.7501]
[2024-12-03 00:39:49,461][/root/codes/MolFeSCue-master-2/fsadmet/utils/std_logger.py][INFO] - mean downstream task mean auc、f1、pr_auc: 0.7501,0.0556,0.1853
[2024-12-03 00:41:29,193][/root/codes/MolFeSCue-master-2/fsadmet/utils/std_logger.py][INFO] - downstream task aucs: [0.7595]
[2024-12-03 00:41:29,193][/root/codes/MolFeSCue-master-2/fsadmet/utils/std_logger.py][INFO] - mean downstream task mean auc、f1、pr_auc: 0.7595,0.148,0.158
[2024-12-03 00:43:07,736][/root/codes/MolFeSCue-master-2/fsadmet/utils/std_logger.py][INFO] - downstream task aucs: [0.7632]
[2024-12-03 00:43:07,737][/root/codes/MolFeSCue-master-2/fsadmet/utils/std_logger.py][INFO] - mean downstream task mean auc、f1、pr_auc: 0.7632,0.2453,0.1833
[2024-12-03 00:44:48,282][/root/codes/MolFeSCue-master-2/fsadmet/utils/std_logger.py][INFO] - downstream task aucs: [0.7531]
[2024-12-03 00:44:48,283][/root/codes/MolFeSCue-master-2/fsadmet/utils/std_logger.py][INFO] - mean downstream task mean auc、f1、pr_auc: 0.7531,0.1093,0.1905
[2024-12-03 00:46:26,883][/root/codes/MolFeSCue-master-2/fsadmet/utils/std_logger.py][INFO] - downstream task aucs: [0.7685]
[2024-12-03 00:46:26,883][/root/codes/MolFeSCue-master-2/fsadmet/utils/std_logger.py][INFO] - mean downstream task mean auc、f1、pr_auc: 0.7685,0.2088,0.2346
[2024-12-03 00:48:06,520][/root/codes/MolFeSCue-master-2/fsadmet/utils/std_logger.py][INFO] - downstream task aucs: [0.7625]
[2024-12-03 00:48:06,525][/root/codes/MolFeSCue-master-2/fsadmet/utils/std_logger.py][INFO] - mean downstream task mean auc、f1、pr_auc: 0.7625,0.123,0.1944
[2024-12-03 00:49:46,092][/root/codes/MolFeSCue-master-2/fsadmet/utils/std_logger.py][INFO] - downstream task aucs: [0.762]
[2024-12-03 00:49:46,092][/root/codes/MolFeSCue-master-2/fsadmet/utils/std_logger.py][INFO] - mean downstream task mean auc、f1、pr_auc: 0.762,0.242,0.1991
[2024-12-03 00:51:24,190][/root/codes/MolFeSCue-master-2/fsadmet/utils/std_logger.py][INFO] - downstream task aucs: [0.7554]
[2024-12-03 00:51:24,190][/root/codes/MolFeSCue-master-2/fsadmet/utils/std_logger.py][INFO] - mean downstream task mean auc、f1、pr_auc: 0.7554,0.107,0.1942
[2024-12-03 00:53:03,810][/root/codes/MolFeSCue-master-2/fsadmet/utils/std_logger.py][INFO] - downstream task aucs: [0.7655]
[2024-12-03 00:53:03,811][/root/codes/MolFeSCue-master-2/fsadmet/utils/std_logger.py][INFO] - mean downstream task mean auc、f1、pr_auc: 0.7655,0.1515,0.1914
[2024-12-03 00:54:42,843][/root/codes/MolFeSCue-master-2/fsadmet/utils/std_logger.py][INFO] - downstream task aucs: [0.7724]
[2024-12-03 00:54:42,864][/root/codes/MolFeSCue-master-2/fsadmet/utils/std_logger.py][INFO] - mean downstream task mean auc、f1、pr_auc: 0.7724,0.1968,0.2289
[2024-12-03 00:56:22,573][/root/codes/MolFeSCue-master-2/fsadmet/utils/std_logger.py][INFO] - downstream task aucs: [0.7603]
[2024-12-03 00:56:22,594][/root/codes/MolFeSCue-master-2/fsadmet/utils/std_logger.py][INFO] - mean downstream task mean auc、f1、pr_auc: 0.7603,0.1002,0.1697
[2024-12-03 00:58:02,203][/root/codes/MolFeSCue-master-2/fsadmet/utils/std_logger.py][INFO] - downstream task aucs: [0.761]
[2024-12-03 00:58:02,203][/root/codes/MolFeSCue-master-2/fsadmet/utils/std_logger.py][INFO] - mean downstream task mean auc、f1、pr_auc: 0.761,0.2285,0.2018
[2024-12-03 00:59:40,999][/root/codes/MolFeSCue-master-2/fsadmet/utils/std_logger.py][INFO] - downstream task aucs: [0.7561]
[2024-12-03 00:59:41,004][/root/codes/MolFeSCue-master-2/fsadmet/utils/std_logger.py][INFO] - mean downstream task mean auc、f1、pr_auc: 0.7561,0.1847,0.2002
[2024-12-03 01:01:20,567][/root/codes/MolFeSCue-master-2/fsadmet/utils/std_logger.py][INFO] - downstream task aucs: [0.7738]
[2024-12-03 01:01:20,567][/root/codes/MolFeSCue-master-2/fsadmet/utils/std_logger.py][INFO] - mean downstream task mean auc、f1、pr_auc: 0.7738,0.2748,0.2198
[2024-12-03 01:03:01,561][/root/codes/MolFeSCue-master-2/fsadmet/utils/std_logger.py][INFO] - downstream task aucs: [0.7738]
[2024-12-03 01:03:01,563][/root/codes/MolFeSCue-master-2/fsadmet/utils/std_logger.py][INFO] - mean downstream task mean auc、f1、pr_auc: 0.7738,0.1085,0.2255
[2024-12-03 01:04:40,931][/root/codes/MolFeSCue-master-2/fsadmet/utils/std_logger.py][INFO] - downstream task aucs: [0.7524]
[2024-12-03 01:04:40,932][/root/codes/MolFeSCue-master-2/fsadmet/utils/std_logger.py][INFO] - mean downstream task mean auc、f1、pr_auc: 0.7524,0.1333,0.191
[2024-12-03 01:06:19,974][/root/codes/MolFeSCue-master-2/fsadmet/utils/std_logger.py][INFO] - downstream task aucs: [0.7665]
[2024-12-03 01:06:19,975][/root/codes/MolFeSCue-master-2/fsadmet/utils/std_logger.py][INFO] - mean downstream task mean auc、f1、pr_auc: 0.7665,0.223,0.2146
[2024-12-03 01:07:59,607][/root/codes/MolFeSCue-master-2/fsadmet/utils/std_logger.py][INFO] - downstream task aucs: [0.7636]
[2024-12-03 01:07:59,608][/root/codes/MolFeSCue-master-2/fsadmet/utils/std_logger.py][INFO] - mean downstream task mean auc、f1、pr_auc: 0.7636,0.1496,0.1769
[2024-12-03 01:09:40,259][/root/codes/MolFeSCue-master-2/fsadmet/utils/std_logger.py][INFO] - downstream task aucs: [0.7636]
[2024-12-03 01:09:40,260][/root/codes/MolFeSCue-master-2/fsadmet/utils/std_logger.py][INFO] - mean downstream task mean auc、f1、pr_auc: 0.7636,0.2061,0.1911
[2024-12-03 01:11:20,430][/root/codes/MolFeSCue-master-2/fsadmet/utils/std_logger.py][INFO] - downstream task aucs: [0.7448]
[2024-12-03 01:11:20,434][/root/codes/MolFeSCue-master-2/fsadmet/utils/std_logger.py][INFO] - mean downstream task mean auc、f1、pr_auc: 0.7448,0.1179,0.1769
[2024-12-03 01:13:00,556][/root/codes/MolFeSCue-master-2/fsadmet/utils/std_logger.py][INFO] - downstream task aucs: [0.7684]
[2024-12-03 01:13:00,556][/root/codes/MolFeSCue-master-2/fsadmet/utils/std_logger.py][INFO] - mean downstream task mean auc、f1、pr_auc: 0.7684,0.1445,0.2495
[2024-12-03 01:14:39,759][/root/codes/MolFeSCue-master-2/fsadmet/utils/std_logger.py][INFO] - downstream task aucs: [0.7672]
[2024-12-03 01:14:39,764][/root/codes/MolFeSCue-master-2/fsadmet/utils/std_logger.py][INFO] - mean downstream task mean auc、f1、pr_auc: 0.7672,0.145,0.1947
[2024-12-03 01:16:20,817][/root/codes/MolFeSCue-master-2/fsadmet/utils/std_logger.py][INFO] - downstream task aucs: [0.7527]
[2024-12-03 01:16:20,817][/root/codes/MolFeSCue-master-2/fsadmet/utils/std_logger.py][INFO] - mean downstream task mean auc、f1、pr_auc: 0.7527,0.21,0.1743
[2024-12-03 01:18:01,001][/root/codes/MolFeSCue-master-2/fsadmet/utils/std_logger.py][INFO] - downstream task aucs: [0.767]
[2024-12-03 01:18:01,003][/root/codes/MolFeSCue-master-2/fsadmet/utils/std_logger.py][INFO] - mean downstream task mean auc、f1、pr_auc: 0.767,0.2491,0.2194
[2024-12-03 01:19:40,057][/root/codes/MolFeSCue-master-2/fsadmet/utils/std_logger.py][INFO] - downstream task aucs: [0.7632]
[2024-12-03 01:19:40,058][/root/codes/MolFeSCue-master-2/fsadmet/utils/std_logger.py][INFO] - mean downstream task mean auc、f1、pr_auc: 0.7632,0.2391,0.2018
[2024-12-03 01:21:19,882][/root/codes/MolFeSCue-master-2/fsadmet/utils/std_logger.py][INFO] - downstream task aucs: [0.7578]
[2024-12-03 01:21:19,886][/root/codes/MolFeSCue-master-2/fsadmet/utils/std_logger.py][INFO] - mean downstream task mean auc、f1、pr_auc: 0.7578,0.1535,0.2129
[2024-12-03 01:22:57,274][/root/codes/MolFeSCue-master-2/fsadmet/utils/std_logger.py][INFO] - downstream task aucs: [0.762]
[2024-12-03 01:22:57,275][/root/codes/MolFeSCue-master-2/fsadmet/utils/std_logger.py][INFO] - mean downstream task mean auc、f1、pr_auc: 0.762,0.2245,0.1988
[2024-12-03 01:24:35,261][/root/codes/MolFeSCue-master-2/fsadmet/utils/std_logger.py][INFO] - downstream task aucs: [0.7656]
[2024-12-03 01:24:35,262][/root/codes/MolFeSCue-master-2/fsadmet/utils/std_logger.py][INFO] - mean downstream task mean auc、f1、pr_auc: 0.7656,0.156,0.2272
[2024-12-03 01:26:12,926][/root/codes/MolFeSCue-master-2/fsadmet/utils/std_logger.py][INFO] - downstream task aucs: [0.7439]
[2024-12-03 01:26:12,930][/root/codes/MolFeSCue-master-2/fsadmet/utils/std_logger.py][INFO] - mean downstream task mean auc、f1、pr_auc: 0.7439,0.1113,0.1378
[2024-12-03 01:27:50,486][/root/codes/MolFeSCue-master-2/fsadmet/utils/std_logger.py][INFO] - downstream task aucs: [0.7562]
[2024-12-03 01:27:50,486][/root/codes/MolFeSCue-master-2/fsadmet/utils/std_logger.py][INFO] - mean downstream task mean auc、f1、pr_auc: 0.7562,0.1306,0.194
[2024-12-03 01:29:28,527][/root/codes/MolFeSCue-master-2/fsadmet/utils/std_logger.py][INFO] - downstream task aucs: [0.7705]
[2024-12-03 01:29:28,531][/root/codes/MolFeSCue-master-2/fsadmet/utils/std_logger.py][INFO] - mean downstream task mean auc、f1、pr_auc: 0.7705,0.2584,0.2151
[2024-12-03 01:31:07,970][/root/codes/MolFeSCue-master-2/fsadmet/utils/std_logger.py][INFO] - downstream task aucs: [0.7549]
[2024-12-03 01:31:07,974][/root/codes/MolFeSCue-master-2/fsadmet/utils/std_logger.py][INFO] - mean downstream task mean auc、f1、pr_auc: 0.7549,0.2567,0.2126
[2024-12-03 01:32:46,557][/root/codes/MolFeSCue-master-2/fsadmet/utils/std_logger.py][INFO] - downstream task aucs: [0.7756]
[2024-12-03 01:32:46,561][/root/codes/MolFeSCue-master-2/fsadmet/utils/std_logger.py][INFO] - mean downstream task mean auc、f1、pr_auc: 0.7756,0.3036,0.2127
[2024-12-03 01:34:25,077][/root/codes/MolFeSCue-master-2/fsadmet/utils/std_logger.py][INFO] - downstream task aucs: [0.775]
[2024-12-03 01:34:25,078][/root/codes/MolFeSCue-master-2/fsadmet/utils/std_logger.py][INFO] - mean downstream task mean auc、f1、pr_auc: 0.775,0.2374,0.231
[2024-12-03 01:36:04,303][/root/codes/MolFeSCue-master-2/fsadmet/utils/std_logger.py][INFO] - downstream task aucs: [0.7524]
[2024-12-03 01:36:04,304][/root/codes/MolFeSCue-master-2/fsadmet/utils/std_logger.py][INFO] - mean downstream task mean auc、f1、pr_auc: 0.7524,0.1672,0.152
[2024-12-03 01:37:41,981][/root/codes/MolFeSCue-master-2/fsadmet/utils/std_logger.py][INFO] - downstream task aucs: [0.758]
[2024-12-03 01:37:41,982][/root/codes/MolFeSCue-master-2/fsadmet/utils/std_logger.py][INFO] - mean downstream task mean auc、f1、pr_auc: 0.758,0.2143,0.2204
[2024-12-03 01:39:19,709][/root/codes/MolFeSCue-master-2/fsadmet/utils/std_logger.py][INFO] - downstream task aucs: [0.742]
[2024-12-03 01:39:19,709][/root/codes/MolFeSCue-master-2/fsadmet/utils/std_logger.py][INFO] - mean downstream task mean auc、f1、pr_auc: 0.742,0.1705,0.1729
[2024-12-03 01:40:57,967][/root/codes/MolFeSCue-master-2/fsadmet/utils/std_logger.py][INFO] - downstream task aucs: [0.759]
[2024-12-03 01:40:57,967][/root/codes/MolFeSCue-master-2/fsadmet/utils/std_logger.py][INFO] - mean downstream task mean auc、f1、pr_auc: 0.759,0.1308,0.1977
[2024-12-03 01:42:36,077][/root/codes/MolFeSCue-master-2/fsadmet/utils/std_logger.py][INFO] - downstream task aucs: [0.7636]
[2024-12-03 01:42:36,082][/root/codes/MolFeSCue-master-2/fsadmet/utils/std_logger.py][INFO] - mean downstream task mean auc、f1、pr_auc: 0.7636,0.2661,0.2016
[2024-12-03 01:44:13,404][/root/codes/MolFeSCue-master-2/fsadmet/utils/std_logger.py][INFO] - downstream task aucs: [0.7653]
[2024-12-03 01:44:13,404][/root/codes/MolFeSCue-master-2/fsadmet/utils/std_logger.py][INFO] - mean downstream task mean auc、f1、pr_auc: 0.7653,0.2557,0.229
[2024-12-03 01:45:50,527][/root/codes/MolFeSCue-master-2/fsadmet/utils/std_logger.py][INFO] - downstream task aucs: [0.7733]
[2024-12-03 01:45:50,531][/root/codes/MolFeSCue-master-2/fsadmet/utils/std_logger.py][INFO] - mean downstream task mean auc、f1、pr_auc: 0.7733,0.2059,0.2543
[2024-12-03 01:47:29,258][/root/codes/MolFeSCue-master-2/fsadmet/utils/std_logger.py][INFO] - downstream task aucs: [0.7505]
[2024-12-03 01:47:29,262][/root/codes/MolFeSCue-master-2/fsadmet/utils/std_logger.py][INFO] - mean downstream task mean auc、f1、pr_auc: 0.7505,0.1718,0.159
[2024-12-03 01:49:08,029][/root/codes/MolFeSCue-master-2/fsadmet/utils/std_logger.py][INFO] - downstream task aucs: [0.7672]
[2024-12-03 01:49:08,033][/root/codes/MolFeSCue-master-2/fsadmet/utils/std_logger.py][INFO] - mean downstream task mean auc、f1、pr_auc: 0.7672,0.2218,0.2449
[2024-12-03 01:50:46,230][/root/codes/MolFeSCue-master-2/fsadmet/utils/std_logger.py][INFO] - downstream task aucs: [0.7652]
[2024-12-03 01:50:46,230][/root/codes/MolFeSCue-master-2/fsadmet/utils/std_logger.py][INFO] - mean downstream task mean auc、f1、pr_auc: 0.7652,0.2286,0.2094
[2024-12-03 01:52:24,203][/root/codes/MolFeSCue-master-2/fsadmet/utils/std_logger.py][INFO] - downstream task aucs: [0.7735]
[2024-12-03 01:52:24,207][/root/codes/MolFeSCue-master-2/fsadmet/utils/std_logger.py][INFO] - mean downstream task mean auc、f1、pr_auc: 0.7735,0.2079,0.2487
[2024-12-03 01:54:01,755][/root/codes/MolFeSCue-master-2/fsadmet/utils/std_logger.py][INFO] - downstream task aucs: [0.7541]
[2024-12-03 01:54:01,759][/root/codes/MolFeSCue-master-2/fsadmet/utils/std_logger.py][INFO] - mean downstream task mean auc、f1、pr_auc: 0.7541,0.2099,0.1785
[2024-12-03 01:55:40,851][/root/codes/MolFeSCue-master-2/fsadmet/utils/std_logger.py][INFO] - downstream task aucs: [0.7618]
[2024-12-03 01:55:40,852][/root/codes/MolFeSCue-master-2/fsadmet/utils/std_logger.py][INFO] - mean downstream task mean auc、f1、pr_auc: 0.7618,0.2092,0.1968
[2024-12-03 01:57:19,633][/root/codes/MolFeSCue-master-2/fsadmet/utils/std_logger.py][INFO] - downstream task aucs: [0.7654]
[2024-12-03 01:57:19,637][/root/codes/MolFeSCue-master-2/fsadmet/utils/std_logger.py][INFO] - mean downstream task mean auc、f1、pr_auc: 0.7654,0.2271,0.2095
[2024-12-03 01:58:59,197][/root/codes/MolFeSCue-master-2/fsadmet/utils/std_logger.py][INFO] - downstream task aucs: [0.7666]
[2024-12-03 01:58:59,198][/root/codes/MolFeSCue-master-2/fsadmet/utils/std_logger.py][INFO] - mean downstream task mean auc、f1、pr_auc: 0.7666,0.2088,0.1975
[2024-12-03 02:00:38,561][/root/codes/MolFeSCue-master-2/fsadmet/utils/std_logger.py][INFO] - downstream task aucs: [0.7521]
[2024-12-03 02:00:38,565][/root/codes/MolFeSCue-master-2/fsadmet/utils/std_logger.py][INFO] - mean downstream task mean auc、f1、pr_auc: 0.7521,0.1869,0.1648
[2024-12-03 02:02:16,335][/root/codes/MolFeSCue-master-2/fsadmet/utils/std_logger.py][INFO] - downstream task aucs: [0.7698]
[2024-12-03 02:02:16,335][/root/codes/MolFeSCue-master-2/fsadmet/utils/std_logger.py][INFO] - mean downstream task mean auc、f1、pr_auc: 0.7698,0.2589,0.2288
[2024-12-03 02:03:54,875][/root/codes/MolFeSCue-master-2/fsadmet/utils/std_logger.py][INFO] - downstream task aucs: [0.7257]
[2024-12-03 02:03:54,875][/root/codes/MolFeSCue-master-2/fsadmet/utils/std_logger.py][INFO] - mean downstream task mean auc、f1、pr_auc: 0.7257,0.0876,0.2
[2024-12-03 02:03:58,123][nni][INFO] - Final result: {'default_auc': 0.7908, 'f1': 0.1122, 'pr_auc': 0.2366}
