[2024-12-16 13:30:58,076][/root/codes/MolFeSCue-master-2/fsadmet/utils/std_logger.py][INFO] - 模型加载成功！......

[2024-12-16 13:30:58,076][/root/codes/MolFeSCue-master-2/fsadmet/utils/std_logger.py][INFO] - MetaGraphModel(
  (base_model): GraphADT(
    (fc): Sequential(
      (0): Linear(in_features=200, out_features=512, bias=True)
      (1): BatchNorm1d(512, eps=1e-05, momentum=0.1, affine=True, track_running_stats=True)
      (2): ReLU()
      (3): Linear(in_features=512, out_features=256, bias=True)
    )
    (linear): Sequential(
      (0): Linear(in_features=200, out_features=512, bias=True)
      (1): BatchNorm1d(512, eps=1e-05, momentum=0.1, affine=True, track_running_stats=True)
      (2): Linear(in_features=512, out_features=256, bias=True)
    )
    (fc_g): Sequential(
      (0): GINWithKAN(
        (gin_conv): GINConv(nn=Sequential(
          (0): Linear(in_features=256, out_features=256, bias=True)
        ))
        (kan_layer): KANLinear(
          (base_activation): Identity()
        )
      )
    )
    (fc_g1): Sequential(
      (0): GINWithKAN(
        (gin_conv): GINConv(nn=Sequential(
          (0): Linear(in_features=256, out_features=256, bias=True)
        ))
        (kan_layer): KANLinear(
          (base_activation): Identity()
        )
      )
    )
    (fc_final): Sequential(
      (0): GINWithKAN(
        (gin_conv): GINConv(nn=Sequential(
          (0): Linear(in_features=256, out_features=1, bias=True)
        ))
        (kan_layer): KANLinear(
          (base_activation): Identity()
        )
      )
    )
    (fc_final1): Sequential(
      (0): GINWithKAN(
        (gin_conv): GINConv(nn=Sequential(
          (0): Linear(in_features=256, out_features=1, bias=True)
        ))
        (kan_layer): KANLinear(
          (base_activation): Identity()
        )
      )
    )
    (relu): ReLU()
    (activation): Sigmoid()
    (softmax): Softmax(dim=1)
    (fc3): Sequential(
      (0): Linear(in_features=1, out_features=1, bias=True)
      (1): Sigmoid()
    )
    (pool1): MVPool(
      (sparse_attention): Sparsemax()
      (calc_pagerank_score): PageRankScore(128)
      (select_topk): SelectTopK(128, ratio=0.8)
    )
    (pool2): MVPool(
      (sparse_attention): Sparsemax()
      (calc_pagerank_score): PageRankScore(128)
      (select_topk): SelectTopK(128, ratio=0.8)
    )
    (pool3): MVPool(
      (sparse_attention): Sparsemax()
      (calc_pagerank_score): PageRankScore(128)
      (select_topk): SelectTopK(128, ratio=0.8)
    )
    (pool4): MVPool(
      (sparse_attention): Sparsemax()
      (calc_pagerank_score): PageRankScore(128)
      (select_topk): SelectTopK(128, ratio=0.8)
    )
    (pool5): MVPool(
      (sparse_attention): Sparsemax()
      (calc_pagerank_score): PageRankScore(128)
      (select_topk): SelectTopK(128, ratio=0.8)
    )
    (pool6): MVPool(
      (sparse_attention): Sparsemax()
      (calc_pagerank_score): PageRankScore(128)
      (select_topk): SelectTopK(128, ratio=0.8)
    )
    (pool7): MVPool(
      (sparse_attention): Sparsemax()
      (calc_pagerank_score): PageRankScore(128)
      (select_topk): SelectTopK(128, ratio=0.8)
    )
    (pool8): MVPool(
      (sparse_attention): Sparsemax()
      (calc_pagerank_score): PageRankScore(128)
      (select_topk): SelectTopK(128, ratio=0.8)
    )
    (dim_transform0): Linear(in_features=93, out_features=128, bias=True)
    (dim_transform1): Linear(in_features=43, out_features=128, bias=True)
    (conv1): GINWithKAN(
      (gin_conv): GINConv(nn=Sequential(
        (0): Linear(in_features=128, out_features=128, bias=True)
      ))
      (kan_layer): KANLinear(
        (base_activation): Identity()
      )
    )
    (conv2): GINWithKAN(
      (gin_conv): GINConv(nn=Sequential(
        (0): Linear(in_features=128, out_features=128, bias=True)
      ))
      (kan_layer): KANLinear(
        (base_activation): Identity()
      )
    )
    (conv3): GINWithKAN(
      (gin_conv): GINConv(nn=Sequential(
        (0): Linear(in_features=128, out_features=128, bias=True)
      ))
      (kan_layer): KANLinear(
        (base_activation): Identity()
      )
    )
    (conv4): GINWithKAN(
      (gin_conv): GINConv(nn=Sequential(
        (0): Linear(in_features=128, out_features=128, bias=True)
      ))
      (kan_layer): KANLinear(
        (base_activation): Identity()
      )
    )
    (conv5): GINWithKAN(
      (gin_conv): GINConv(nn=Sequential(
        (0): Linear(in_features=128, out_features=128, bias=True)
      ))
      (kan_layer): KANLinear(
        (base_activation): Identity()
      )
    )
    (conv6): GINWithKAN(
      (gin_conv): GINConv(nn=Sequential(
        (0): Linear(in_features=128, out_features=128, bias=True)
      ))
      (kan_layer): KANLinear(
        (base_activation): Identity()
      )
    )
    (conv7): GINWithKAN(
      (gin_conv): GINConv(nn=Sequential(
        (0): Linear(in_features=128, out_features=128, bias=True)
      ))
      (kan_layer): KANLinear(
        (base_activation): Identity()
      )
    )
    (conv8): GINWithKAN(
      (gin_conv): GINConv(nn=Sequential(
        (0): Linear(in_features=128, out_features=128, bias=True)
      ))
      (kan_layer): KANLinear(
        (base_activation): Identity()
      )
    )
  )
)
[2024-12-16 13:34:02,688][/root/codes/MolFeSCue-master-2/fsadmet/utils/std_logger.py][INFO] - downstream task aucs: [0.6309, 0.7871, 0.6348]
[2024-12-16 13:34:02,689][/root/codes/MolFeSCue-master-2/fsadmet/utils/std_logger.py][INFO] - mean downstream task mean auc、f1、pr_auc: 0.6842,0.6686,0.7291
[2024-12-16 13:36:45,602][/root/codes/MolFeSCue-master-2/fsadmet/utils/std_logger.py][INFO] - downstream task aucs: [0.6104, 0.6436, 0.6172]
[2024-12-16 13:36:45,602][/root/codes/MolFeSCue-master-2/fsadmet/utils/std_logger.py][INFO] - mean downstream task mean auc、f1、pr_auc: 0.6237,0.6502,0.6203
[2024-12-16 13:39:28,298][/root/codes/MolFeSCue-master-2/fsadmet/utils/std_logger.py][INFO] - downstream task aucs: [0.6836, 0.7119, 0.7451]
[2024-12-16 13:39:28,302][/root/codes/MolFeSCue-master-2/fsadmet/utils/std_logger.py][INFO] - mean downstream task mean auc、f1、pr_auc: 0.7135,0.6782,0.6898
[2024-12-16 13:42:10,691][/root/codes/MolFeSCue-master-2/fsadmet/utils/std_logger.py][INFO] - downstream task aucs: [0.6016, 0.8115, 0.7305]
[2024-12-16 13:42:10,692][/root/codes/MolFeSCue-master-2/fsadmet/utils/std_logger.py][INFO] - mean downstream task mean auc、f1、pr_auc: 0.7145,0.6528,0.7418
[2024-12-16 13:44:50,273][/root/codes/MolFeSCue-master-2/fsadmet/utils/std_logger.py][INFO] - downstream task aucs: [0.6777, 0.8271, 0.7256]
[2024-12-16 13:44:50,274][/root/codes/MolFeSCue-master-2/fsadmet/utils/std_logger.py][INFO] - mean downstream task mean auc、f1、pr_auc: 0.7435,0.6411,0.7378
[2024-12-16 13:47:30,924][/root/codes/MolFeSCue-master-2/fsadmet/utils/std_logger.py][INFO] - downstream task aucs: [0.7803, 0.7646, 0.8047]
[2024-12-16 13:47:30,926][/root/codes/MolFeSCue-master-2/fsadmet/utils/std_logger.py][INFO] - mean downstream task mean auc、f1、pr_auc: 0.7832,0.694,0.806
[2024-12-16 13:50:13,586][/root/codes/MolFeSCue-master-2/fsadmet/utils/std_logger.py][INFO] - downstream task aucs: [0.6094, 0.7363, 0.748]
[2024-12-16 13:50:13,587][/root/codes/MolFeSCue-master-2/fsadmet/utils/std_logger.py][INFO] - mean downstream task mean auc、f1、pr_auc: 0.6979,0.613,0.7417
